Using pre-set license
Built from '2020.3/release' branch; Version is '2020.3.7f1 (dd97f2c94397) revision 14522354'; Using compiler version '192528614'; Build Type 'Release'
OS: 'Windows 10 Home; OS build 19041.1052; Version 2004; 64bit' Language: 'ko' Physical Memory: 16316 MB
BatchMode: 1, IsHumanControllingUs: 0, StartBugReporterOnCrash: 0, Is64bit: 1, IsPro: 0

 COMMAND LINE ARGUMENTS:
C:\Program Files\2020.3.7f1\Editor\Unity.exe
-adb2
-batchMode
-noUpm
-name
AssetImportWorker1
-projectPath
C:/Users/dudgn/Desktop/수업/여름합숙/cubology
-logFile
Logs/AssetImportWorker1.log
-srvPort
62331
Successfully changed project path to: C:/Users/dudgn/Desktop/수업/여름합숙/cubology
C:/Users/dudgn/Desktop/수업/여름합숙/cubology
Using Asset Import Pipeline V2.
Refreshing native plugins compatible for Editor in 49.49 ms, found 1 plugins.
Preloading 0 native plugins for Editor in 0.00 ms.
Initialize engine version: 2020.3.7f1 (dd97f2c94397)
[Subsystems] Discovering subsystems at path C:/Program Files/2020.3.7f1/Editor/Data/Resources/UnitySubsystems
[Subsystems] Discovering subsystems at path C:/Users/dudgn/Desktop/수업/여름합숙/cubology/Assets
GfxDevice: creating device client; threaded=0
Direct3D:
    Version:  Direct3D 11.0 [level 11.1]
    Renderer: NVIDIA GeForce GTX 1070 (ID=0x1b81)
    Vendor:   
    VRAM:     8088 MB
    Driver:   27.21.14.6589
Initialize mono
Mono path[0] = 'C:/Program Files/2020.3.7f1/Editor/Data/Managed'
Mono path[1] = 'C:/Program Files/2020.3.7f1/Editor/Data/MonoBleedingEdge/lib/mono/unityjit'
Mono config path = 'C:/Program Files/2020.3.7f1/Editor/Data/MonoBleedingEdge/etc'
Using monoOptions --debugger-agent=transport=dt_socket,embedding=1,server=y,suspend=n,address=127.0.0.1:56688
Begin MonoManager ReloadAssembly
Registering precompiled unity dll's ...
Register platform support module: C:/Program Files/2020.3.7f1/Editor/Data/PlaybackEngines/WindowsStandaloneSupport/UnityEditor.WindowsStandalone.Extensions.dll
Registered in 0.002633 seconds.
Native extension for WindowsStandalone target not found
Refreshing native plugins compatible for Editor in 46.15 ms, found 1 plugins.
Preloading 0 native plugins for Editor in 0.00 ms.
Mono: successfully reloaded assembly
- Completed reload, in  5.847 seconds
Platform modules already initialized, skipping
Registering precompiled user dll's ...
Registered in 0.001224 seconds.
Begin MonoManager ReloadAssembly
Native extension for WindowsStandalone target not found
Refreshing native plugins compatible for Editor in 46.28 ms, found 1 plugins.
Preloading 0 native plugins for Editor in 0.00 ms.
Mono: successfully reloaded assembly
- Completed reload, in  1.222 seconds
Platform modules already initialized, skipping
========================================================================
Worker process is ready to serve import requests
Launched and connected shader compiler UnityShaderCompiler.exe after 0.05 seconds
Refreshing native plugins compatible for Editor in 0.42 ms, found 1 plugins.
Preloading 0 native plugins for Editor in 0.00 ms.
Unloading 1820 Unused Serialized files (Serialized files now loaded: 0)
System memory in use before: 87.9 MB.
System memory in use after: 87.8 MB.

Unloading 24 unused Assets to reduce memory usage. Loaded Objects now: 2264.
Total: 2.753400 ms (FindLiveObjects: 0.226100 ms CreateObjectMapping: 0.053200 ms MarkObjects: 2.299900 ms  DeleteObjects: 0.172700 ms)

========================================================================
Received Prepare
Registering precompiled user dll's ...
Registered in 0.001238 seconds.
Begin MonoManager ReloadAssembly
Native extension for WindowsStandalone target not found
Refreshing native plugins compatible for Editor in 0.46 ms, found 1 plugins.
Preloading 0 native plugins for Editor in 0.00 ms.
Mono: successfully reloaded assembly
- Completed reload, in  1.082 seconds
Platform modules already initialized, skipping
Refreshing native plugins compatible for Editor in 0.47 ms, found 1 plugins.
Preloading 0 native plugins for Editor in 0.00 ms.
Unloading 1815 Unused Serialized files (Serialized files now loaded: 0)
System memory in use before: 87.8 MB.
System memory in use after: 87.8 MB.

Unloading 12 unused Assets to reduce memory usage. Loaded Objects now: 2268.
Total: 2.535900 ms (FindLiveObjects: 0.249800 ms CreateObjectMapping: 0.060400 ms MarkObjects: 2.079400 ms  DeleteObjects: 0.145100 ms)

========================================================================
Received Import Request.
  path: Assets/Scenes/Stage2.unity
  artifactKey: Guid(e44e644a326719f4a91dc495e3daf6dc) Importer(815301076,1909f56bfc062723c751e8b465ee728b)
Start importing Assets/Scenes/Stage2.unity using Guid(e44e644a326719f4a91dc495e3daf6dc) Importer(815301076,1909f56bfc062723c751e8b465ee728b)  -> (artifact id: '7f21f63fdf65d025fffdd941f1cf6567') in 0.016052 seconds
  Import took 0.019481 seconds .

========================================================================
Received Import Request.
  Time since last request: 11.131955 seconds.
  path: Assets/Scenes/Stage3.unity
  artifactKey: Guid(5a69b34165d10e442bd2cfe9619139a0) Importer(815301076,1909f56bfc062723c751e8b465ee728b)
Start importing Assets/Scenes/Stage3.unity using Guid(5a69b34165d10e442bd2cfe9619139a0) Importer(815301076,1909f56bfc062723c751e8b465ee728b)  -> (artifact id: 'eb1eb29623e0701e8aebc461abf30725') in 0.009140 seconds
  Import took 0.012540 seconds .

========================================================================
Received Import Request.
  Time since last request: 26.222123 seconds.
  path: Assets/Scenes/Stage3.unity
  artifactKey: Guid(5a69b34165d10e442bd2cfe9619139a0) Importer(815301076,1909f56bfc062723c751e8b465ee728b)
Start importing Assets/Scenes/Stage3.unity using Guid(5a69b34165d10e442bd2cfe9619139a0) Importer(815301076,1909f56bfc062723c751e8b465ee728b)  -> (artifact id: '5f1f1a0ec870bc7fb9948190b0635cd7') in 0.003137 seconds
  Import took 0.006406 seconds .

========================================================================
Received Import Request.
  Time since last request: 48.159669 seconds.
  path: Assets/Scenes/Stage2.unity
  artifactKey: Guid(e44e644a326719f4a91dc495e3daf6dc) Importer(815301076,1909f56bfc062723c751e8b465ee728b)
Start importing Assets/Scenes/Stage2.unity using Guid(e44e644a326719f4a91dc495e3daf6dc) Importer(815301076,1909f56bfc062723c751e8b465ee728b)  -> (artifact id: '1afb2e13ee72ef1361a7da1fbb3d5f7c') in 0.003247 seconds
  Import took 0.006505 seconds .

========================================================================
Received Import Request.
  Time since last request: 10.487926 seconds.
  path: Assets/Scenes/Stage1.unity
  artifactKey: Guid(a62403f523d480047b8eac1afcf8fa87) Importer(815301076,1909f56bfc062723c751e8b465ee728b)
Start importing Assets/Scenes/Stage1.unity using Guid(a62403f523d480047b8eac1afcf8fa87) Importer(815301076,1909f56bfc062723c751e8b465ee728b)  -> (artifact id: '88573c57a1703dfcce37f7576388b63e') in 0.003191 seconds
  Import took 0.006449 seconds .

========================================================================
Received Import Request.
  Time since last request: 48.279531 seconds.
  path: Assets/Scenes/Stage3.unity
  artifactKey: Guid(5a69b34165d10e442bd2cfe9619139a0) Importer(815301076,1909f56bfc062723c751e8b465ee728b)
Start importing Assets/Scenes/Stage3.unity using Guid(5a69b34165d10e442bd2cfe9619139a0) Importer(815301076,1909f56bfc062723c751e8b465ee728b)  -> (artifact id: 'a3e02b37fa08461f6a64d983e07ce3ac') in 0.003307 seconds
  Import took 0.006621 seconds .

========================================================================
Received Import Request.
  Time since last request: 295.716821 seconds.
  path: Assets/Scenes/Stage2.unity
  artifactKey: Guid(e44e644a326719f4a91dc495e3daf6dc) Importer(815301076,1909f56bfc062723c751e8b465ee728b)
Start importing Assets/Scenes/Stage2.unity using Guid(e44e644a326719f4a91dc495e3daf6dc) Importer(815301076,1909f56bfc062723c751e8b465ee728b)  -> (artifact id: '6971aed8c4cd603df66c8ce921629277') in 0.003416 seconds
  Import took 0.006900 seconds .

========================================================================
Received Import Request.
  Time since last request: 11.274234 seconds.
  path: Assets/Scenes/Stage1.unity
  artifactKey: Guid(a62403f523d480047b8eac1afcf8fa87) Importer(815301076,1909f56bfc062723c751e8b465ee728b)
Start importing Assets/Scenes/Stage1.unity using Guid(a62403f523d480047b8eac1afcf8fa87) Importer(815301076,1909f56bfc062723c751e8b465ee728b)  -> (artifact id: '1d69b08321736f984e81c32c76f01f9f') in 0.002976 seconds
  Import took 0.006286 seconds .

========================================================================
Received Import Request.
  Time since last request: 9.094305 seconds.
  path: Assets/Scenes/Stage2.unity
  artifactKey: Guid(e44e644a326719f4a91dc495e3daf6dc) Importer(815301076,1909f56bfc062723c751e8b465ee728b)
Start importing Assets/Scenes/Stage2.unity using Guid(e44e644a326719f4a91dc495e3daf6dc) Importer(815301076,1909f56bfc062723c751e8b465ee728b)  -> (artifact id: '711f00fb33a0530f18f1c03626779855') in 0.003276 seconds
  Import took 0.006557 seconds .

========================================================================
Received Import Request.
  Time since last request: 0.837838 seconds.
  path: Assets/Scenes/Stage3.unity
  artifactKey: Guid(5a69b34165d10e442bd2cfe9619139a0) Importer(815301076,1909f56bfc062723c751e8b465ee728b)
Start importing Assets/Scenes/Stage3.unity using Guid(5a69b34165d10e442bd2cfe9619139a0) Importer(815301076,1909f56bfc062723c751e8b465ee728b)  -> (artifact id: 'e766a24dfd51e668e7d7acb6c9199e29') in 0.003105 seconds
  Import took 0.006535 seconds .

========================================================================
Received Import Request.
  Time since last request: 98.161862 seconds.
  path: Assets/Prefeb/Finish.prefab
  artifactKey: Guid(628098dd122af784eb9bf49757b6cf6e) Importer(815301076,1909f56bfc062723c751e8b465ee728b)
Start importing Assets/Prefeb/Finish.prefab using Guid(628098dd122af784eb9bf49757b6cf6e) Importer(815301076,1909f56bfc062723c751e8b465ee728b)  -> (artifact id: '6530550b814381dce51ed66b8f319393') in 0.115438 seconds
  Import took 0.118913 seconds .

========================================================================
Received Import Request.
  Time since last request: 205.092723 seconds.
  path: Assets/Prefeb/Cannonboll Variant.prefab
  artifactKey: Guid(52dd8b1d11f58d14ab14c90ae619f124) Importer(815301076,1909f56bfc062723c751e8b465ee728b)
Start importing Assets/Prefeb/Cannonboll Variant.prefab using Guid(52dd8b1d11f58d14ab14c90ae619f124) Importer(815301076,1909f56bfc062723c751e8b465ee728b)  -> (artifact id: 'f2f034eb2f820f9cdeb994db582d6eed') in 0.022404 seconds
  Import took 0.028537 seconds .

========================================================================
Received Import Request.
  Time since last request: 11.193169 seconds.
  path: Assets/Prefeb/Cannon Variant.prefab
  artifactKey: Guid(f864fcdbc92014c4b9b2425d60698bf6) Importer(815301076,1909f56bfc062723c751e8b465ee728b)
Start importing Assets/Prefeb/Cannon Variant.prefab using Guid(f864fcdbc92014c4b9b2425d60698bf6) Importer(815301076,1909f56bfc062723c751e8b465ee728b)  -> (artifact id: '2d6f9b43434e6121a2e8b7de49b97485') in 0.020737 seconds
  Import took 0.026127 seconds .

========================================================================
Received Import Request.
  Time since last request: 31.235173 seconds.
  path: Assets/TileMap/New Palette.prefab
  artifactKey: Guid(79d60df20d5243045bc0dec81d0cee76) Importer(815301076,1909f56bfc062723c751e8b465ee728b)
Start importing Assets/TileMap/New Palette.prefab using Guid(79d60df20d5243045bc0dec81d0cee76) Importer(815301076,1909f56bfc062723c751e8b465ee728b)  -> (artifact id: 'e7bba143189ffe38267a8b1ff922897b') in 0.013582 seconds
  Import took 0.017091 seconds .

========================================================================
Received Import Request.
  Time since last request: 0.000329 seconds.
  path: Assets/TileMap/벽.asset
  artifactKey: Guid(92e6ca711f6023b4a93a11daa812d666) Importer(815301076,1909f56bfc062723c751e8b465ee728b)
Start importing Assets/TileMap/벽.asset using Guid(92e6ca711f6023b4a93a11daa812d666) Importer(815301076,1909f56bfc062723c751e8b465ee728b)  -> (artifact id: 'd638a03e51850b3cd618968962e91b3e') in 0.030669 seconds
  Import took 0.034746 seconds .

========================================================================
Received Import Request.
  Time since last request: 21.438363 seconds.
  path: Assets/Prefeb/Cannon (1).prefab
  artifactKey: Guid(5a23de2342762034f86e479148f7b6fc) Importer(815301076,1909f56bfc062723c751e8b465ee728b)
Start importing Assets/Prefeb/Cannon (1).prefab using Guid(5a23de2342762034f86e479148f7b6fc) Importer(815301076,1909f56bfc062723c751e8b465ee728b)  -> (artifact id: 'af922f1a3b7d4af4373f61c749c8f67a') in 0.016133 seconds
  Import took 0.020726 seconds .

========================================================================
Received Import Request.
  Time since last request: 0.000894 seconds.
  path: Assets/Prefeb/Cannon (1).prefab
  artifactKey: Guid(5a23de2342762034f86e479148f7b6fc) Importer(815301076,1909f56bfc062723c751e8b465ee728b)
Start importing Assets/Prefeb/Cannon (1).prefab using Guid(5a23de2342762034f86e479148f7b6fc) Importer(815301076,1909f56bfc062723c751e8b465ee728b)  -> (artifact id: 'af922f1a3b7d4af4373f61c749c8f67a') in 0.011349 seconds
  Import took 0.015276 seconds .

========================================================================
Received Import Request.
  Time since last request: 11.413379 seconds.
  path: Assets/Prefeb/Cannon.prefab
  artifactKey: Guid(5a23de2342762034f86e479148f7b6fc) Importer(815301076,1909f56bfc062723c751e8b465ee728b)
Start importing Assets/Prefeb/Cannon.prefab using Guid(5a23de2342762034f86e479148f7b6fc) Importer(815301076,1909f56bfc062723c751e8b465ee728b)  -> (artifact id: 'be9219931d485fe3f2faa31f0e1d4291') in 0.028904 seconds
  Import took 0.035566 seconds .

========================================================================
Received Import Request.
  Time since last request: 48.921708 seconds.
  path: Assets/Prefeb/Cannonboll 1.prefab
  artifactKey: Guid(d580ece99206a50468e97f6641f87521) Importer(815301076,1909f56bfc062723c751e8b465ee728b)
Start importing Assets/Prefeb/Cannonboll 1.prefab using Guid(d580ece99206a50468e97f6641f87521) Importer(815301076,1909f56bfc062723c751e8b465ee728b)  -> (artifact id: 'a9dcf96d57c8732ac824f8f025ebb88f') in 0.017051 seconds
  Import took 0.021797 seconds .

========================================================================
Received Import Request.
  Time since last request: 4.238217 seconds.
  path: Assets/Prefeb/Cannonboll 2.prefab
  artifactKey: Guid(5f7b246c3dd51be49afd94a061fd7bc3) Importer(815301076,1909f56bfc062723c751e8b465ee728b)
Start importing Assets/Prefeb/Cannonboll 2.prefab using Guid(5f7b246c3dd51be49afd94a061fd7bc3) Importer(815301076,1909f56bfc062723c751e8b465ee728b)  -> (artifact id: 'c33556cb92bd548934298aecaeaa8a40') in 0.018148 seconds
  Import took 0.023143 seconds .

========================================================================
Received Import Request.
  Time since last request: 5.122842 seconds.
  path: Assets/Prefeb/Cannonboll 3.prefab
  artifactKey: Guid(efb70205302ae3146a94ad86af8a08da) Importer(815301076,1909f56bfc062723c751e8b465ee728b)
Start importing Assets/Prefeb/Cannonboll 3.prefab using Guid(efb70205302ae3146a94ad86af8a08da) Importer(815301076,1909f56bfc062723c751e8b465ee728b)  -> (artifact id: '9dd8899b0f21ffd329f770db364fdd17') in 0.015795 seconds
  Import took 0.020620 seconds .

========================================================================
Received Import Request.
  Time since last request: 11.630903 seconds.
  path: Assets/Prefeb/CannonbollL.prefab
  artifactKey: Guid(d580ece99206a50468e97f6641f87521) Importer(815301076,1909f56bfc062723c751e8b465ee728b)
Start importing Assets/Prefeb/CannonbollL.prefab using Guid(d580ece99206a50468e97f6641f87521) Importer(815301076,1909f56bfc062723c751e8b465ee728b)  -> (artifact id: '289561b97afbe661c02108f83aa387e3') in 0.038196 seconds
  Import took 0.042828 seconds .

========================================================================
Received Import Request.
  Time since last request: 3.698447 seconds.
  path: Assets/Prefeb/CannonbollR.prefab
  artifactKey: Guid(5f7b246c3dd51be49afd94a061fd7bc3) Importer(815301076,1909f56bfc062723c751e8b465ee728b)
Start importing Assets/Prefeb/CannonbollR.prefab using Guid(5f7b246c3dd51be49afd94a061fd7bc3) Importer(815301076,1909f56bfc062723c751e8b465ee728b)  -> (artifact id: '3f1e72d4a9a5f456c3b01ec966d837a2') in 0.036314 seconds
  Import took 0.041502 seconds .

========================================================================
Received Import Request.
  Time since last request: 3.816857 seconds.
  path: Assets/Prefeb/CannonbollU.prefab
  artifactKey: Guid(efb70205302ae3146a94ad86af8a08da) Importer(815301076,1909f56bfc062723c751e8b465ee728b)
Start importing Assets/Prefeb/CannonbollU.prefab using Guid(efb70205302ae3146a94ad86af8a08da) Importer(815301076,1909f56bfc062723c751e8b465ee728b)  -> (artifact id: '80a6c48cdfecc6ef43f59ecbd5e08afd') in 0.035812 seconds
  Import took 0.041537 seconds .

========================================================================
Received Import Request.
  Time since last request: 3.882461 seconds.
  path: Assets/Prefeb/CannonbollD.prefab
  artifactKey: Guid(c8118761eb6813c40821277f98ffde5a) Importer(815301076,1909f56bfc062723c751e8b465ee728b)
Start importing Assets/Prefeb/CannonbollD.prefab using Guid(c8118761eb6813c40821277f98ffde5a) Importer(815301076,1909f56bfc062723c751e8b465ee728b)  -> (artifact id: 'f6cc0f2d4d21bf3d84bb805d6c11118f') in 0.039966 seconds
  Import took 0.044827 seconds .

========================================================================
Received Import Request.
  Time since last request: 8.634679 seconds.
  path: Assets/Prefeb/CannonbollD.prefab
  artifactKey: Guid(c8118761eb6813c40821277f98ffde5a) Importer(815301076,1909f56bfc062723c751e8b465ee728b)
Start importing Assets/Prefeb/CannonbollD.prefab using Guid(c8118761eb6813c40821277f98ffde5a) Importer(815301076,1909f56bfc062723c751e8b465ee728b)  -> (artifact id: '79dcbffc9687a637858b4a0a6a595e27') in 0.028382 seconds
  Import took 0.034313 seconds .

========================================================================
Received Import Request.
  Time since last request: 4.689402 seconds.
  path: Assets/Prefeb/CannonbollL.prefab
  artifactKey: Guid(d580ece99206a50468e97f6641f87521) Importer(815301076,1909f56bfc062723c751e8b465ee728b)
Start importing Assets/Prefeb/CannonbollL.prefab using Guid(d580ece99206a50468e97f6641f87521) Importer(815301076,1909f56bfc062723c751e8b465ee728b)  -> (artifact id: '844ebdc2f8894acf3d70d1276c68d338') in 0.024651 seconds
  Import took 0.030357 seconds .

========================================================================
Received Import Request.
  Time since last request: 2.581516 seconds.
  path: Assets/Prefeb/CannonbollR.prefab
  artifactKey: Guid(5f7b246c3dd51be49afd94a061fd7bc3) Importer(815301076,1909f56bfc062723c751e8b465ee728b)
Start importing Assets/Prefeb/CannonbollR.prefab using Guid(5f7b246c3dd51be49afd94a061fd7bc3) Importer(815301076,1909f56bfc062723c751e8b465ee728b)  -> (artifact id: 'd03b6806a0935bbe77caece19a29d1e1') in 0.028539 seconds
  Import took 0.033505 seconds .

========================================================================
Received Prepare
Registering precompiled user dll's ...
Registered in 0.001355 seconds.
Begin MonoManager ReloadAssembly
Native extension for WindowsStandalone target not found
Refreshing native plugins compatible for Editor in 0.64 ms, found 1 plugins.
Preloading 0 native plugins for Editor in 0.00 ms.
Mono: successfully reloaded assembly
- Completed reload, in  1.134 seconds
Platform modules already initialized, skipping
Refreshing native plugins compatible for Editor in 0.42 ms, found 1 plugins.
Preloading 0 native plugins for Editor in 0.00 ms.
Unloading 1815 Unused Serialized files (Serialized files now loaded: 0)
System memory in use before: 91.1 MB.
System memory in use after: 91.1 MB.

Unloading 12 unused Assets to reduce memory usage. Loaded Objects now: 2282.
Total: 2.535900 ms (FindLiveObjects: 0.229400 ms CreateObjectMapping: 0.052800 ms MarkObjects: 2.116700 ms  DeleteObjects: 0.135700 ms)

========================================================================
Received Import Request.
  Time since last request: 88.443410 seconds.
  path: Assets/Scenes/Stage1.unity
  artifactKey: Guid(a62403f523d480047b8eac1afcf8fa87) Importer(815301076,1909f56bfc062723c751e8b465ee728b)
Start importing Assets/Scenes/Stage1.unity using Guid(a62403f523d480047b8eac1afcf8fa87) Importer(815301076,1909f56bfc062723c751e8b465ee728b)  -> (artifact id: '5569a30f21ac79b66e14ece10000f31e') in 0.014963 seconds
  Import took 0.018479 seconds .

========================================================================
Received Prepare
Registering precompiled user dll's ...
Registered in 0.001931 seconds.
Begin MonoManager ReloadAssembly
Native extension for WindowsStandalone target not found
Refreshing native plugins compatible for Editor in 0.73 ms, found 1 plugins.
Preloading 0 native plugins for Editor in 0.00 ms.
Mono: successfully reloaded assembly
- Completed reload, in  1.168 seconds
Platform modules already initialized, skipping
Refreshing native plugins compatible for Editor in 0.45 ms, found 1 plugins.
Preloading 0 native plugins for Editor in 0.00 ms.
Unloading 1815 Unused Serialized files (Serialized files now loaded: 0)
System memory in use before: 91.1 MB.
System memory in use after: 91.1 MB.

Unloading 12 unused Assets to reduce memory usage. Loaded Objects now: 2286.
Total: 2.978100 ms (FindLiveObjects: 0.256800 ms CreateObjectMapping: 0.052500 ms MarkObjects: 2.517300 ms  DeleteObjects: 0.149600 ms)

========================================================================
Received Import Request.
  Time since last request: 27.607118 seconds.
  path: Assets/Scenes/Stage2.unity
  artifactKey: Guid(e44e644a326719f4a91dc495e3daf6dc) Importer(815301076,1909f56bfc062723c751e8b465ee728b)
Start importing Assets/Scenes/Stage2.unity using Guid(e44e644a326719f4a91dc495e3daf6dc) Importer(815301076,1909f56bfc062723c751e8b465ee728b)  -> (artifact id: '27a2d811a4fded0b2d4fc78570ca44a8') in 0.013284 seconds
  Import took 0.016841 seconds .

========================================================================
Received Import Request.
  Time since last request: 0.011343 seconds.
  path: Assets/Scenes/Stage2.unity
  artifactKey: Guid(e44e644a326719f4a91dc495e3daf6dc) Importer(815301076,1909f56bfc062723c751e8b465ee728b)
Start importing Assets/Scenes/Stage2.unity using Guid(e44e644a326719f4a91dc495e3daf6dc) Importer(815301076,1909f56bfc062723c751e8b465ee728b)  -> (artifact id: '27a2d811a4fded0b2d4fc78570ca44a8') in 0.003489 seconds
  Import took 0.006882 seconds .

========================================================================
Received Import Request.
  Time since last request: 6.965349 seconds.
  path: Assets/Scenes/Stage3.unity
  artifactKey: Guid(5a69b34165d10e442bd2cfe9619139a0) Importer(815301076,1909f56bfc062723c751e8b465ee728b)
Start importing Assets/Scenes/Stage3.unity using Guid(5a69b34165d10e442bd2cfe9619139a0) Importer(815301076,1909f56bfc062723c751e8b465ee728b)  -> (artifact id: '2e9ca8d1182b6f6db4d3538869af89c1') in 0.009683 seconds
  Import took 0.013199 seconds .

========================================================================
Received Prepare
Registering precompiled user dll's ...
Registered in 0.001271 seconds.
Begin MonoManager ReloadAssembly
Native extension for WindowsStandalone target not found
Refreshing native plugins compatible for Editor in 0.48 ms, found 1 plugins.
Preloading 0 native plugins for Editor in 0.00 ms.
Mono: successfully reloaded assembly
- Completed reload, in  1.097 seconds
Platform modules already initialized, skipping
Refreshing native plugins compatible for Editor in 0.42 ms, found 1 plugins.
Preloading 0 native plugins for Editor in 0.00 ms.
Unloading 1815 Unused Serialized files (Serialized files now loaded: 0)
System memory in use before: 91.1 MB.
System memory in use after: 91.1 MB.

Unloading 12 unused Assets to reduce memory usage. Loaded Objects now: 2290.
Total: 2.390600 ms (FindLiveObjects: 0.233300 ms CreateObjectMapping: 0.065300 ms MarkObjects: 1.953900 ms  DeleteObjects: 0.137000 ms)

========================================================================
Received Prepare
Registering precompiled user dll's ...
Registered in 0.001245 seconds.
Begin MonoManager ReloadAssembly
Native extension for WindowsStandalone target not found
Refreshing native plugins compatible for Editor in 0.47 ms, found 1 plugins.
Preloading 0 native plugins for Editor in 0.00 ms.
Mono: successfully reloaded assembly
- Completed reload, in  1.120 seconds
Platform modules already initialized, skipping
Refreshing native plugins compatible for Editor in 0.43 ms, found 1 plugins.
Preloading 0 native plugins for Editor in 0.00 ms.
Unloading 1815 Unused Serialized files (Serialized files now loaded: 0)
System memory in use before: 91.2 MB.
System memory in use after: 91.1 MB.

Unloading 12 unused Assets to reduce memory usage. Loaded Objects now: 2294.
Total: 2.404900 ms (FindLiveObjects: 0.259600 ms CreateObjectMapping: 0.053400 ms MarkObjects: 1.954000 ms  DeleteObjects: 0.136500 ms)

========================================================================
Received Import Request.
  Time since last request: 146.772623 seconds.
  path: Assets/Prefeb/CannonbollL.prefab
  artifactKey: Guid(d580ece99206a50468e97f6641f87521) Importer(815301076,1909f56bfc062723c751e8b465ee728b)
Start importing Assets/Prefeb/CannonbollL.prefab using Guid(d580ece99206a50468e97f6641f87521) Importer(815301076,1909f56bfc062723c751e8b465ee728b)  -> (artifact id: '48c7111f5bae39b5fa61c0fa7d27a413') in 0.073950 seconds
  Import took 0.078142 seconds .

========================================================================
Received Import Request.
  Time since last request: 3.356338 seconds.
  path: Assets/Prefeb/CannonbollR.prefab
  artifactKey: Guid(5f7b246c3dd51be49afd94a061fd7bc3) Importer(815301076,1909f56bfc062723c751e8b465ee728b)
Start importing Assets/Prefeb/CannonbollR.prefab using Guid(5f7b246c3dd51be49afd94a061fd7bc3) Importer(815301076,1909f56bfc062723c751e8b465ee728b)  -> (artifact id: 'afce93839a7013329ac9202232dca21f') in 0.030994 seconds
  Import took 0.036127 seconds .

========================================================================
Received Prepare
Registering precompiled user dll's ...
Registered in 0.001277 seconds.
Begin MonoManager ReloadAssembly
Native extension for WindowsStandalone target not found
Refreshing native plugins compatible for Editor in 0.43 ms, found 1 plugins.
Preloading 0 native plugins for Editor in 0.00 ms.
Mono: successfully reloaded assembly
- Completed reload, in  1.105 seconds
Platform modules already initialized, skipping
Refreshing native plugins compatible for Editor in 0.62 ms, found 1 plugins.
Preloading 0 native plugins for Editor in 0.00 ms.
Unloading 1815 Unused Serialized files (Serialized files now loaded: 0)
System memory in use before: 91.2 MB.
System memory in use after: 91.1 MB.

Unloading 12 unused Assets to reduce memory usage. Loaded Objects now: 2299.
Total: 2.746700 ms (FindLiveObjects: 0.250100 ms CreateObjectMapping: 0.056400 ms MarkObjects: 2.294800 ms  DeleteObjects: 0.144100 ms)

========================================================================
Received Import Request.
  Time since last request: 39.018059 seconds.
  path: Assets/Prefeb/CannonbollU.prefab
  artifactKey: Guid(efb70205302ae3146a94ad86af8a08da) Importer(815301076,1909f56bfc062723c751e8b465ee728b)
Start importing Assets/Prefeb/CannonbollU.prefab using Guid(efb70205302ae3146a94ad86af8a08da) Importer(815301076,1909f56bfc062723c751e8b465ee728b)  -> (artifact id: '0e8e88386f0a1d492443f7535ff159be') in 0.082184 seconds
  Import took 0.086460 seconds .

========================================================================
Received Prepare
Registering precompiled user dll's ...
Registered in 0.001803 seconds.
Begin MonoManager ReloadAssembly
Native extension for WindowsStandalone target not found
Refreshing native plugins compatible for Editor in 0.71 ms, found 1 plugins.
Preloading 0 native plugins for Editor in 0.00 ms.
Mono: successfully reloaded assembly
- Completed reload, in  1.097 seconds
Platform modules already initialized, skipping
Refreshing native plugins compatible for Editor in 0.44 ms, found 1 plugins.
Preloading 0 native plugins for Editor in 0.00 ms.
Unloading 1815 Unused Serialized files (Serialized files now loaded: 0)
System memory in use before: 91.2 MB.
System memory in use after: 91.2 MB.

Unloading 12 unused Assets to reduce memory usage. Loaded Objects now: 2304.
Total: 2.470500 ms (FindLiveObjects: 0.240200 ms CreateObjectMapping: 0.053100 ms MarkObjects: 2.033100 ms  DeleteObjects: 0.142800 ms)

========================================================================
Received Prepare
Registering precompiled user dll's ...
Registered in 0.001329 seconds.
Begin MonoManager ReloadAssembly
Native extension for WindowsStandalone target not found
Refreshing native plugins compatible for Editor in 0.71 ms, found 1 plugins.
Preloading 0 native plugins for Editor in 0.00 ms.
Mono: successfully reloaded assembly
- Completed reload, in  1.143 seconds
Platform modules already initialized, skipping
Refreshing native plugins compatible for Editor in 0.43 ms, found 1 plugins.
Preloading 0 native plugins for Editor in 0.00 ms.
Unloading 1815 Unused Serialized files (Serialized files now loaded: 0)
System memory in use before: 91.2 MB.
System memory in use after: 91.2 MB.

Unloading 12 unused Assets to reduce memory usage. Loaded Objects now: 2308.
Total: 2.388800 ms (FindLiveObjects: 0.228900 ms CreateObjectMapping: 0.053600 ms MarkObjects: 1.964600 ms  DeleteObjects: 0.140500 ms)

========================================================================
Received Import Request.
  Time since last request: 61.689965 seconds.
  path: Assets/Prefeb/CannonbollU.prefab
  artifactKey: Guid(efb70205302ae3146a94ad86af8a08da) Importer(815301076,1909f56bfc062723c751e8b465ee728b)
Start importing Assets/Prefeb/CannonbollU.prefab using Guid(efb70205302ae3146a94ad86af8a08da) Importer(815301076,1909f56bfc062723c751e8b465ee728b)  -> (artifact id: 'c38114844ddc9c1f6f2ba1a3c78065ec') in 0.069912 seconds
  Import took 0.073825 seconds .

========================================================================
Received Import Request.
  Time since last request: 0.000268 seconds.
  path: Assets/Prefeb/CannonbollD.prefab
  artifactKey: Guid(c8118761eb6813c40821277f98ffde5a) Importer(815301076,1909f56bfc062723c751e8b465ee728b)
Start importing Assets/Prefeb/CannonbollD.prefab using Guid(c8118761eb6813c40821277f98ffde5a) Importer(815301076,1909f56bfc062723c751e8b465ee728b)  -> (artifact id: 'af3f0dd9d60cc32e7466a617977cb5a1') in 0.017506 seconds
  Import took 0.021148 seconds .

========================================================================
Received Import Request.
  Time since last request: 0.000361 seconds.
  path: Assets/Prefeb/CannonbollR.prefab
  artifactKey: Guid(5f7b246c3dd51be49afd94a061fd7bc3) Importer(815301076,1909f56bfc062723c751e8b465ee728b)
Start importing Assets/Prefeb/CannonbollR.prefab using Guid(5f7b246c3dd51be49afd94a061fd7bc3) Importer(815301076,1909f56bfc062723c751e8b465ee728b)  -> (artifact id: '1d04b1691c21c5426d0f318c2bb777cd') in 0.019248 seconds
  Import took 0.023182 seconds .

========================================================================
Received Import Request.
  Time since last request: 0.000241 seconds.
  path: Assets/Prefeb/CannonbollL.prefab
  artifactKey: Guid(d580ece99206a50468e97f6641f87521) Importer(815301076,1909f56bfc062723c751e8b465ee728b)
Start importing Assets/Prefeb/CannonbollL.prefab using Guid(d580ece99206a50468e97f6641f87521) Importer(815301076,1909f56bfc062723c751e8b465ee728b)  -> (artifact id: '98a73f5268990ddf1a15d6e313f4659c') in 0.019282 seconds
  Import took 0.022569 seconds .

========================================================================
Received Prepare
Registering precompiled user dll's ...
Registered in 0.003278 seconds.
Begin MonoManager ReloadAssembly
Native extension for WindowsStandalone target not found
Refreshing native plugins compatible for Editor in 0.48 ms, found 1 plugins.
Preloading 0 native plugins for Editor in 0.00 ms.
Mono: successfully reloaded assembly
- Completed reload, in  1.114 seconds
Platform modules already initialized, skipping
Refreshing native plugins compatible for Editor in 0.44 ms, found 1 plugins.
Preloading 0 native plugins for Editor in 0.00 ms.
Unloading 1815 Unused Serialized files (Serialized files now loaded: 0)
System memory in use before: 91.2 MB.
System memory in use after: 91.2 MB.

Unloading 12 unused Assets to reduce memory usage. Loaded Objects now: 2313.
Total: 2.508600 ms (FindLiveObjects: 0.241500 ms CreateObjectMapping: 0.060400 ms MarkObjects: 2.055100 ms  DeleteObjects: 0.150500 ms)

========================================================================
Received Import Request.
  Time since last request: 86.076137 seconds.
  path: Assets/Scenes/Stage3.unity
  artifactKey: Guid(5a69b34165d10e442bd2cfe9619139a0) Importer(815301076,1909f56bfc062723c751e8b465ee728b)
Start importing Assets/Scenes/Stage3.unity using Guid(5a69b34165d10e442bd2cfe9619139a0) Importer(815301076,1909f56bfc062723c751e8b465ee728b)  -> (artifact id: 'bcdb435def19d21933d476ca906fb68b') in 0.014342 seconds
  Import took 0.018097 seconds .

========================================================================
Received Import Request.
  Time since last request: 8.926393 seconds.
  path: Assets/Scenes/Stage2.unity
  artifactKey: Guid(e44e644a326719f4a91dc495e3daf6dc) Importer(815301076,1909f56bfc062723c751e8b465ee728b)
Start importing Assets/Scenes/Stage2.unity using Guid(e44e644a326719f4a91dc495e3daf6dc) Importer(815301076,1909f56bfc062723c751e8b465ee728b)  -> (artifact id: '51c399b7d9451fb31318d319541af81e') in 0.003697 seconds
  Import took 0.008133 seconds .

========================================================================
Received Prepare
Registering precompiled user dll's ...
Registered in 0.003809 seconds.
Begin MonoManager ReloadAssembly
Native extension for WindowsStandalone target not found
Refreshing native plugins compatible for Editor in 0.47 ms, found 1 plugins.
Preloading 0 native plugins for Editor in 0.00 ms.
Mono: successfully reloaded assembly
- Completed reload, in  1.132 seconds
Platform modules already initialized, skipping
Refreshing native plugins compatible for Editor in 0.45 ms, found 1 plugins.
Preloading 0 native plugins for Editor in 0.00 ms.
Unloading 1815 Unused Serialized files (Serialized files now loaded: 0)
System memory in use before: 91.2 MB.
System memory in use after: 91.2 MB.

Unloading 12 unused Assets to reduce memory usage. Loaded Objects now: 2317.
Total: 2.661700 ms (FindLiveObjects: 0.229500 ms CreateObjectMapping: 0.052600 ms MarkObjects: 2.225300 ms  DeleteObjects: 0.152900 ms)

========================================================================
Received Import Request.
  Time since last request: 177.021992 seconds.
  path: Assets/Prefeb/CannonbollU.prefab
  artifactKey: Guid(efb70205302ae3146a94ad86af8a08da) Importer(815301076,1909f56bfc062723c751e8b465ee728b)
Start importing Assets/Prefeb/CannonbollU.prefab using Guid(efb70205302ae3146a94ad86af8a08da) Importer(815301076,1909f56bfc062723c751e8b465ee728b)  -> (artifact id: '6ab153d52c6c4a6b1f515ec56e5570a2') in 0.083999 seconds
  Import took 0.090283 seconds .

========================================================================
Received Import Request.
  Time since last request: 3.581933 seconds.
  path: Assets/Prefeb/CannonbollR.prefab
  artifactKey: Guid(5f7b246c3dd51be49afd94a061fd7bc3) Importer(815301076,1909f56bfc062723c751e8b465ee728b)
Start importing Assets/Prefeb/CannonbollR.prefab using Guid(5f7b246c3dd51be49afd94a061fd7bc3) Importer(815301076,1909f56bfc062723c751e8b465ee728b)  -> (artifact id: '0eb826f8e8fc97f73d3deac5a7ad0332') in 0.019309 seconds
  Import took 0.025121 seconds .

========================================================================
Received Import Request.
  Time since last request: 3.201570 seconds.
  path: Assets/Prefeb/CannonbollL.prefab
  artifactKey: Guid(d580ece99206a50468e97f6641f87521) Importer(815301076,1909f56bfc062723c751e8b465ee728b)
Start importing Assets/Prefeb/CannonbollL.prefab using Guid(d580ece99206a50468e97f6641f87521) Importer(815301076,1909f56bfc062723c751e8b465ee728b)  -> (artifact id: '06006b78aada57225ca5afafae4de0da') in 0.024902 seconds
  Import took 0.031482 seconds .

========================================================================
Received Import Request.
  Time since last request: 2.707999 seconds.
  path: Assets/Prefeb/CannonbollD.prefab
  artifactKey: Guid(c8118761eb6813c40821277f98ffde5a) Importer(815301076,1909f56bfc062723c751e8b465ee728b)
Start importing Assets/Prefeb/CannonbollD.prefab using Guid(c8118761eb6813c40821277f98ffde5a) Importer(815301076,1909f56bfc062723c751e8b465ee728b)  -> (artifact id: '207743bd6b71b675da2d595749f4b452') in 0.018462 seconds
  Import took 0.025515 seconds .

========================================================================
Received Import Request.
  Time since last request: 6.123723 seconds.
  path: Assets/Prefeb/CannonbollU.prefab
  artifactKey: Guid(efb70205302ae3146a94ad86af8a08da) Importer(815301076,1909f56bfc062723c751e8b465ee728b)
Start importing Assets/Prefeb/CannonbollU.prefab using Guid(efb70205302ae3146a94ad86af8a08da) Importer(815301076,1909f56bfc062723c751e8b465ee728b)  -> (artifact id: '14f4ec92f638e6a42e03d470461c4552') in 0.017198 seconds
  Import took 0.024135 seconds .

========================================================================
Received Import Request.
  Time since last request: 3.498910 seconds.
  path: Assets/Prefeb/CannonbollR.prefab
  artifactKey: Guid(5f7b246c3dd51be49afd94a061fd7bc3) Importer(815301076,1909f56bfc062723c751e8b465ee728b)
Start importing Assets/Prefeb/CannonbollR.prefab using Guid(5f7b246c3dd51be49afd94a061fd7bc3) Importer(815301076,1909f56bfc062723c751e8b465ee728b)  -> (artifact id: '4807fb954871e4b9046f13dcdf9b6052') in 0.036271 seconds
  Import took 0.042643 seconds .

========================================================================
Received Import Request.
  Time since last request: 2.622990 seconds.
  path: Assets/Prefeb/CannonbollL.prefab
  artifactKey: Guid(d580ece99206a50468e97f6641f87521) Importer(815301076,1909f56bfc062723c751e8b465ee728b)
Start importing Assets/Prefeb/CannonbollL.prefab using Guid(d580ece99206a50468e97f6641f87521) Importer(815301076,1909f56bfc062723c751e8b465ee728b)  -> (artifact id: '2e87366f8d7ae4902c2d7c6129ca23f2') in 0.017693 seconds
  Import took 0.025808 seconds .

========================================================================
Received Import Request.
  Time since last request: 2.735124 seconds.
  path: Assets/Prefeb/CannonbollD.prefab
  artifactKey: Guid(c8118761eb6813c40821277f98ffde5a) Importer(815301076,1909f56bfc062723c751e8b465ee728b)
Start importing Assets/Prefeb/CannonbollD.prefab using Guid(c8118761eb6813c40821277f98ffde5a) Importer(815301076,1909f56bfc062723c751e8b465ee728b)  -> (artifact id: 'e6ad6ecdf9911fd9958ebd10fb48971f') in 0.019836 seconds
  Import took 0.025021 seconds .

========================================================================
Received Import Request.
  Time since last request: 0.015912 seconds.
  path: Assets/Prefeb/CannonbollD.prefab
  artifactKey: Guid(c8118761eb6813c40821277f98ffde5a) Importer(815301076,1909f56bfc062723c751e8b465ee728b)
Start importing Assets/Prefeb/CannonbollD.prefab using Guid(c8118761eb6813c40821277f98ffde5a) Importer(815301076,1909f56bfc062723c751e8b465ee728b)  -> (artifact id: 'e6ad6ecdf9911fd9958ebd10fb48971f') in 0.010440 seconds
  Import took 0.014886 seconds .

========================================================================
Received Import Request.
  Time since last request: 7.045153 seconds.
  path: Assets/Prefeb/CannonbollD.prefab
  artifactKey: Guid(c8118761eb6813c40821277f98ffde5a) Importer(815301076,1909f56bfc062723c751e8b465ee728b)
Start importing Assets/Prefeb/CannonbollD.prefab using Guid(c8118761eb6813c40821277f98ffde5a) Importer(815301076,1909f56bfc062723c751e8b465ee728b)  -> (artifact id: '7b9fd2f190445393a60c197da3d171b1') in 0.015440 seconds
  Import took 0.020460 seconds .

========================================================================
Received Import Request.
  Time since last request: 0.024963 seconds.
  path: Assets/Prefeb/CannonbollD.prefab
  artifactKey: Guid(c8118761eb6813c40821277f98ffde5a) Importer(815301076,1909f56bfc062723c751e8b465ee728b)
Start importing Assets/Prefeb/CannonbollD.prefab using Guid(c8118761eb6813c40821277f98ffde5a) Importer(815301076,1909f56bfc062723c751e8b465ee728b)  -> (artifact id: '7b9fd2f190445393a60c197da3d171b1') in 0.009593 seconds
  Import took 0.014287 seconds .

========================================================================
Received Import Request.
  Time since last request: 6.789492 seconds.
  path: Assets/Prefeb/CannonbollD.prefab
  artifactKey: Guid(c8118761eb6813c40821277f98ffde5a) Importer(815301076,1909f56bfc062723c751e8b465ee728b)
Start importing Assets/Prefeb/CannonbollD.prefab using Guid(c8118761eb6813c40821277f98ffde5a) Importer(815301076,1909f56bfc062723c751e8b465ee728b)  -> (artifact id: '17907d4df09cf0dadad8476912d8a883') in 0.017294 seconds
  Import took 0.022887 seconds .

========================================================================
Received Import Request.
  Time since last request: 2.537030 seconds.
  path: Assets/Prefeb/CannonbollL.prefab
  artifactKey: Guid(d580ece99206a50468e97f6641f87521) Importer(815301076,1909f56bfc062723c751e8b465ee728b)
Start importing Assets/Prefeb/CannonbollL.prefab using Guid(d580ece99206a50468e97f6641f87521) Importer(815301076,1909f56bfc062723c751e8b465ee728b)  -> (artifact id: '46c8f5a498503de41826c592a1a5769a') in 0.021945 seconds
  Import took 0.027346 seconds .

========================================================================
Received Import Request.
  Time since last request: 3.247720 seconds.
  path: Assets/Prefeb/CannonbollL.prefab
  artifactKey: Guid(d580ece99206a50468e97f6641f87521) Importer(815301076,1909f56bfc062723c751e8b465ee728b)
Start importing Assets/Prefeb/CannonbollL.prefab using Guid(d580ece99206a50468e97f6641f87521) Importer(815301076,1909f56bfc062723c751e8b465ee728b)  -> (artifact id: '09a24a45707ed5054a1ab4878de4e8fd') in 0.018333 seconds
  Import took 0.024004 seconds .

========================================================================
Received Import Request.
  Time since last request: 2.676934 seconds.
  path: Assets/Prefeb/CannonbollR.prefab
  artifactKey: Guid(5f7b246c3dd51be49afd94a061fd7bc3) Importer(815301076,1909f56bfc062723c751e8b465ee728b)
Start importing Assets/Prefeb/CannonbollR.prefab using Guid(5f7b246c3dd51be49afd94a061fd7bc3) Importer(815301076,1909f56bfc062723c751e8b465ee728b)  -> (artifact id: '7f41693c8dd807d71e018bc1e43da689') in 0.017656 seconds
  Import took 0.023295 seconds .

========================================================================
Received Import Request.
  Time since last request: 2.166946 seconds.
  path: Assets/Prefeb/CannonbollR.prefab
  artifactKey: Guid(5f7b246c3dd51be49afd94a061fd7bc3) Importer(815301076,1909f56bfc062723c751e8b465ee728b)
Start importing Assets/Prefeb/CannonbollR.prefab using Guid(5f7b246c3dd51be49afd94a061fd7bc3) Importer(815301076,1909f56bfc062723c751e8b465ee728b)  -> (artifact id: 'e19b971b82eeb79db4635865aa5b07e5') in 0.009215 seconds
  Import took 0.012792 seconds .

========================================================================
Received Import Request.
  Time since last request: 1.752850 seconds.
  path: Assets/Prefeb/CannonbollU.prefab
  artifactKey: Guid(efb70205302ae3146a94ad86af8a08da) Importer(815301076,1909f56bfc062723c751e8b465ee728b)
Start importing Assets/Prefeb/CannonbollU.prefab using Guid(efb70205302ae3146a94ad86af8a08da) Importer(815301076,1909f56bfc062723c751e8b465ee728b)  -> (artifact id: '9c29704b05424b7f36a946e249607532') in 0.009125 seconds
  Import took 0.012996 seconds .

========================================================================
Received Import Request.
  Time since last request: 1.965679 seconds.
  path: Assets/Prefeb/CannonbollU.prefab
  artifactKey: Guid(efb70205302ae3146a94ad86af8a08da) Importer(815301076,1909f56bfc062723c751e8b465ee728b)
Start importing Assets/Prefeb/CannonbollU.prefab using Guid(efb70205302ae3146a94ad86af8a08da) Importer(815301076,1909f56bfc062723c751e8b465ee728b)  -> (artifact id: '1af4a71e43eccbde31e8af337afe0d43') in 0.009040 seconds
  Import took 0.012543 seconds .

========================================================================
Received Import Request.
  Time since last request: 14.721078 seconds.
  path: Assets/Scenes/Stage1.unity
  artifactKey: Guid(a62403f523d480047b8eac1afcf8fa87) Importer(815301076,1909f56bfc062723c751e8b465ee728b)
Start importing Assets/Scenes/Stage1.unity using Guid(a62403f523d480047b8eac1afcf8fa87) Importer(815301076,1909f56bfc062723c751e8b465ee728b)  -> (artifact id: 'f28608801fc420b830888702da6b250e') in 0.003969 seconds
  Import took 0.007638 seconds .

========================================================================
Received Import Request.
  Time since last request: 0.021643 seconds.
  path: Assets/Scenes/Stage1.unity
  artifactKey: Guid(a62403f523d480047b8eac1afcf8fa87) Importer(815301076,1909f56bfc062723c751e8b465ee728b)
Start importing Assets/Scenes/Stage1.unity using Guid(a62403f523d480047b8eac1afcf8fa87) Importer(815301076,1909f56bfc062723c751e8b465ee728b)  -> (artifact id: 'f28608801fc420b830888702da6b250e') in 0.003359 seconds
  Import took 0.007404 seconds .

========================================================================
Received Prepare
Registering precompiled user dll's ...
Registered in 0.001254 seconds.
Begin MonoManager ReloadAssembly
Native extension for WindowsStandalone target not found
Refreshing native plugins compatible for Editor in 0.46 ms, found 1 plugins.
Preloading 0 native plugins for Editor in 0.00 ms.
Mono: successfully reloaded assembly
- Completed reload, in  1.096 seconds
Platform modules already initialized, skipping
Refreshing native plugins compatible for Editor in 0.43 ms, found 1 plugins.
Preloading 0 native plugins for Editor in 0.00 ms.
Unloading 1815 Unused Serialized files (Serialized files now loaded: 0)
System memory in use before: 91.3 MB.
System memory in use after: 91.3 MB.

Unloading 12 unused Assets to reduce memory usage. Loaded Objects now: 2322.
Total: 2.663900 ms (FindLiveObjects: 0.243500 ms CreateObjectMapping: 0.052400 ms MarkObjects: 2.202000 ms  DeleteObjects: 0.164300 ms)

========================================================================
Received Prepare
Registering precompiled user dll's ...
Registered in 0.001309 seconds.
Begin MonoManager ReloadAssembly
Native extension for WindowsStandalone target not found
Refreshing native plugins compatible for Editor in 0.66 ms, found 1 plugins.
Preloading 0 native plugins for Editor in 0.00 ms.
Mono: successfully reloaded assembly
- Completed reload, in  1.156 seconds
Platform modules already initialized, skipping
Refreshing native plugins compatible for Editor in 0.46 ms, found 1 plugins.
Preloading 0 native plugins for Editor in 0.00 ms.
Unloading 1815 Unused Serialized files (Serialized files now loaded: 0)
System memory in use before: 91.3 MB.
System memory in use after: 91.3 MB.

Unloading 12 unused Assets to reduce memory usage. Loaded Objects now: 2326.
Total: 2.464500 ms (FindLiveObjects: 0.240400 ms CreateObjectMapping: 0.054700 ms MarkObjects: 2.013800 ms  DeleteObjects: 0.154400 ms)

AssetImportWorkerClient::OnTransportError - code=2 error=End of file
