Using pre-set license
Built from '2020.3/release' branch; Version is '2020.3.7f1 (dd97f2c94397) revision 14522354'; Using compiler version '192528614'; Build Type 'Release'
OS: 'Windows 10 Home; OS build 19041.1052; Version 2004; 64bit' Language: 'ko' Physical Memory: 16316 MB
BatchMode: 1, IsHumanControllingUs: 0, StartBugReporterOnCrash: 0, Is64bit: 1, IsPro: 0

 COMMAND LINE ARGUMENTS:
C:\Program Files\2020.3.7f1\Editor\Unity.exe
-adb2
-batchMode
-noUpm
-name
AssetImportWorker0
-projectPath
C:/Users/dudgn/Desktop/수업/여름합숙/cubology
-logFile
Logs/AssetImportWorker0.log
-srvPort
62450
Successfully changed project path to: C:/Users/dudgn/Desktop/수업/여름합숙/cubology
C:/Users/dudgn/Desktop/수업/여름합숙/cubology
Using Asset Import Pipeline V2.
Refreshing native plugins compatible for Editor in 72.82 ms, found 2 plugins.
Preloading 0 native plugins for Editor in 0.00 ms.
Initialize engine version: 2020.3.7f1 (dd97f2c94397)
[Subsystems] Discovering subsystems at path C:/Program Files/2020.3.7f1/Editor/Data/Resources/UnitySubsystems
[Subsystems] Discovering subsystems at path C:/Users/dudgn/Desktop/수업/여름합숙/cubology/Assets
GfxDevice: creating device client; threaded=0
Direct3D:
    Version:  Direct3D 11.0 [level 11.1]
    Renderer: NVIDIA GeForce GTX 1070 (ID=0x1b81)
    Vendor:   
    VRAM:     8088 MB
    Driver:   27.21.14.6589
Initialize mono
Mono path[0] = 'C:/Program Files/2020.3.7f1/Editor/Data/Managed'
Mono path[1] = 'C:/Program Files/2020.3.7f1/Editor/Data/MonoBleedingEdge/lib/mono/unityjit'
Mono config path = 'C:/Program Files/2020.3.7f1/Editor/Data/MonoBleedingEdge/etc'
Using monoOptions --debugger-agent=transport=dt_socket,embedding=1,server=y,suspend=n,address=127.0.0.1:56896
Begin MonoManager ReloadAssembly
Registering precompiled unity dll's ...
Register platform support module: C:/Program Files/2020.3.7f1/Editor/Data/PlaybackEngines/WindowsStandaloneSupport/UnityEditor.WindowsStandalone.Extensions.dll
Registered in 0.002551 seconds.
Native extension for WindowsStandalone target not found
Refreshing native plugins compatible for Editor in 57.21 ms, found 2 plugins.
Preloading 0 native plugins for Editor in 0.00 ms.
Mono: successfully reloaded assembly
- Completed reload, in  2.396 seconds
Platform modules already initialized, skipping
Registering precompiled user dll's ...
Registered in 0.008384 seconds.
Begin MonoManager ReloadAssembly
Native extension for WindowsStandalone target not found
Refreshing native plugins compatible for Editor in 0.84 ms, found 2 plugins.
Preloading 0 native plugins for Editor in 0.00 ms.
Mono: successfully reloaded assembly
- Completed reload, in  1.417 seconds
Platform modules already initialized, skipping
========================================================================
Worker process is ready to serve import requests
Launched and connected shader compiler UnityShaderCompiler.exe after 0.05 seconds
Refreshing native plugins compatible for Editor in 0.79 ms, found 2 plugins.
Preloading 0 native plugins for Editor in 0.00 ms.
Unloading 1962 Unused Serialized files (Serialized files now loaded: 0)
System memory in use before: 83.4 MB.
System memory in use after: 83.5 MB.

Unloading 58 unused Assets to reduce memory usage. Loaded Objects now: 2367.
Total: 6.727300 ms (FindLiveObjects: 0.268900 ms CreateObjectMapping: 0.055500 ms MarkObjects: 6.301000 ms  DeleteObjects: 0.100200 ms)

========================================================================
Received Import Request.
  path: Assets/Resources/target.png
  artifactKey: Guid(dac1637c74865584cb4c02224eb379f2) Importer(815301076,1909f56bfc062723c751e8b465ee728b)
Start importing Assets/Resources/target.png using Guid(dac1637c74865584cb4c02224eb379f2) Importer(815301076,1909f56bfc062723c751e8b465ee728b)  -> (artifact id: '6866df485b38c543a76fb2be722b5008') in 0.118492 seconds
  Import took 0.122335 seconds .

========================================================================
Received Import Request.
  Time since last request: 0.000312 seconds.
  path: Assets/Resources/enemy.png
  artifactKey: Guid(ddc2abbd32581f54eb37cddc56fa62f5) Importer(815301076,1909f56bfc062723c751e8b465ee728b)
Start importing Assets/Resources/enemy.png using Guid(ddc2abbd32581f54eb37cddc56fa62f5) Importer(815301076,1909f56bfc062723c751e8b465ee728b)  -> (artifact id: 'a87c5868b98ac9cd79e9dd43e2372f08') in 0.016322 seconds
  Import took 0.021466 seconds .

========================================================================
Received Import Request.
  Time since last request: 0.000230 seconds.
  path: Assets/Resources/Square.png
  artifactKey: Guid(8bcae22a76f33f34a87d2c74d4bf5be7) Importer(815301076,1909f56bfc062723c751e8b465ee728b)
Start importing Assets/Resources/Square.png using Guid(8bcae22a76f33f34a87d2c74d4bf5be7) Importer(815301076,1909f56bfc062723c751e8b465ee728b)  -> (artifact id: '4f1f7ce8087516d2233ca83c4222d0a0') in 0.016192 seconds
  Import took 0.019447 seconds .

========================================================================
Received Import Request.
  Time since last request: 0.000193 seconds.
  path: Assets/Resources/start.png
  artifactKey: Guid(01e899059b30884489844503a852d448) Importer(815301076,1909f56bfc062723c751e8b465ee728b)
Start importing Assets/Resources/start.png using Guid(01e899059b30884489844503a852d448) Importer(815301076,1909f56bfc062723c751e8b465ee728b)  -> (artifact id: '0863c8f3677052186fd6cbe21d02f2b2') in 0.014616 seconds
  Import took 0.017844 seconds .

========================================================================
Received Import Request.
  Time since last request: 0.000214 seconds.
  path: Assets/Resources/player.png
  artifactKey: Guid(44f4b175e4db9ca4896c172710df7363) Importer(815301076,1909f56bfc062723c751e8b465ee728b)
Start importing Assets/Resources/player.png using Guid(44f4b175e4db9ca4896c172710df7363) Importer(815301076,1909f56bfc062723c751e8b465ee728b)  -> (artifact id: '7145f6f61a20e65a526a05aadd3280d3') in 0.015419 seconds
  Import took 0.018808 seconds .

========================================================================
Received Import Request.
  Time since last request: 25.514247 seconds.
  path: Assets/Scenes/Stage6.unity
  artifactKey: Guid(ad33620fd0215554298b8f41b97bf285) Importer(815301076,1909f56bfc062723c751e8b465ee728b)
Start importing Assets/Scenes/Stage6.unity using Guid(ad33620fd0215554298b8f41b97bf285) Importer(815301076,1909f56bfc062723c751e8b465ee728b)  -> (artifact id: '97754e0208705385e17552d37bda877b') in 0.008970 seconds
  Import took 0.012594 seconds .

========================================================================
Received Import Request.
  Time since last request: 0.000768 seconds.
  path: Assets/Scenes/Stage6.unity
  artifactKey: Guid(ad33620fd0215554298b8f41b97bf285) Importer(815301076,1909f56bfc062723c751e8b465ee728b)
Start importing Assets/Scenes/Stage6.unity using Guid(ad33620fd0215554298b8f41b97bf285) Importer(815301076,1909f56bfc062723c751e8b465ee728b)  -> (artifact id: '97754e0208705385e17552d37bda877b') in 0.003278 seconds
  Import took 0.006988 seconds .

========================================================================
Received Import Request.
  Time since last request: 25.469637 seconds.
  path: Assets/Sprite/WaterPump.png
  artifactKey: Guid(e8849531379973243847574e792c3453) Importer(815301076,1909f56bfc062723c751e8b465ee728b)
Start importing Assets/Sprite/WaterPump.png using Guid(e8849531379973243847574e792c3453) Importer(815301076,1909f56bfc062723c751e8b465ee728b)  -> (artifact id: '685ca371d3289c91fe21e530cccb9e1c') in 0.019941 seconds
  Import took 0.024125 seconds .

========================================================================
Received Import Request.
  Time since last request: 11.693581 seconds.
  path: Assets/Sprite/IceSpray1.png
  artifactKey: Guid(d9e576fdb16ab4048ba79651ca58fded) Importer(815301076,1909f56bfc062723c751e8b465ee728b)
Start importing Assets/Sprite/IceSpray1.png using Guid(d9e576fdb16ab4048ba79651ca58fded) Importer(815301076,1909f56bfc062723c751e8b465ee728b)  -> (artifact id: '4d826aa7eb93d8e5aa2a02d1c17e55c3') in 0.019059 seconds
  Import took 0.022794 seconds .

========================================================================
Received Import Request.
  Time since last request: 0.001509 seconds.
  path: Assets/Sprite/IceSpray1.png
  artifactKey: Guid(d9e576fdb16ab4048ba79651ca58fded) Importer(815301076,1909f56bfc062723c751e8b465ee728b)
Start importing Assets/Sprite/IceSpray1.png using Guid(d9e576fdb16ab4048ba79651ca58fded) Importer(815301076,1909f56bfc062723c751e8b465ee728b)  -> (artifact id: '4d826aa7eb93d8e5aa2a02d1c17e55c3') in 0.019186 seconds
  Import took 0.022913 seconds .

========================================================================
Received Import Request.
  Time since last request: 8.686193 seconds.
  path: Assets/Sprite/IceSpary2.png
  artifactKey: Guid(823b6b6dd71054547bd29e2deba9b0d7) Importer(815301076,1909f56bfc062723c751e8b465ee728b)
Start importing Assets/Sprite/IceSpary2.png using Guid(823b6b6dd71054547bd29e2deba9b0d7) Importer(815301076,1909f56bfc062723c751e8b465ee728b)  -> (artifact id: '7ab7070e7b9e6ea21e1a651d384aa600') in 0.017841 seconds
  Import took 0.021468 seconds .

========================================================================
Received Import Request.
  Time since last request: 10.830148 seconds.
  path: Assets/Sprite/IceSpray3.png
  artifactKey: Guid(b031c079a40cff64b9c2943560e782d5) Importer(815301076,1909f56bfc062723c751e8b465ee728b)
Start importing Assets/Sprite/IceSpray3.png using Guid(b031c079a40cff64b9c2943560e782d5) Importer(815301076,1909f56bfc062723c751e8b465ee728b)  -> (artifact id: '49fda09608dd9c30b0019a19b267ec53') in 0.019201 seconds
  Import took 0.023175 seconds .

========================================================================
Received Import Request.
  Time since last request: 7.035735 seconds.
  path: Assets/Sprite/IceSpray2.png
  artifactKey: Guid(823b6b6dd71054547bd29e2deba9b0d7) Importer(815301076,1909f56bfc062723c751e8b465ee728b)
Start importing Assets/Sprite/IceSpray2.png using Guid(823b6b6dd71054547bd29e2deba9b0d7) Importer(815301076,1909f56bfc062723c751e8b465ee728b)  -> (artifact id: '124580ffd153f8ca435358a2b6895863') in 0.017277 seconds
  Import took 0.021018 seconds .

========================================================================
Received Import Request.
  Time since last request: 34.403328 seconds.
  path: Assets/Sprite/KakaoTalk_20210630_141514488.png
  artifactKey: Guid(fcff4a6b53daa50489bd28247c377ce3) Importer(815301076,1909f56bfc062723c751e8b465ee728b)
Start importing Assets/Sprite/KakaoTalk_20210630_141514488.png using Guid(fcff4a6b53daa50489bd28247c377ce3) Importer(815301076,1909f56bfc062723c751e8b465ee728b)  -> (artifact id: 'd97c1c27e4400c11d34d089831961192') in 0.016828 seconds
  Import took 0.020549 seconds .

========================================================================
Received Import Request.
  Time since last request: 0.000256 seconds.
  path: Assets/Sprite/KakaoTalk_20210630_141514488_01.png
  artifactKey: Guid(934ad1fbd8aec534d807eb0441846c95) Importer(815301076,1909f56bfc062723c751e8b465ee728b)
Start importing Assets/Sprite/KakaoTalk_20210630_141514488_01.png using Guid(934ad1fbd8aec534d807eb0441846c95) Importer(815301076,1909f56bfc062723c751e8b465ee728b)  -> (artifact id: 'd7893285c45f9390dec90940cfb15b8b') in 0.016683 seconds
  Import took 0.020042 seconds .

========================================================================
Received Import Request.
  Time since last request: 11.939301 seconds.
  path: Assets/Sprite/BtnOn.png
  artifactKey: Guid(fcff4a6b53daa50489bd28247c377ce3) Importer(815301076,1909f56bfc062723c751e8b465ee728b)
Start importing Assets/Sprite/BtnOn.png using Guid(fcff4a6b53daa50489bd28247c377ce3) Importer(815301076,1909f56bfc062723c751e8b465ee728b)  -> (artifact id: 'd4c7291558c80511d602bff1b78b1006') in 0.017638 seconds
  Import took 0.021335 seconds .

========================================================================
Received Import Request.
  Time since last request: 4.108751 seconds.
  path: Assets/Sprite/BtnOff.png
  artifactKey: Guid(934ad1fbd8aec534d807eb0441846c95) Importer(815301076,1909f56bfc062723c751e8b465ee728b)
Start importing Assets/Sprite/BtnOff.png using Guid(934ad1fbd8aec534d807eb0441846c95) Importer(815301076,1909f56bfc062723c751e8b465ee728b)  -> (artifact id: '305656fa60b5284d4d4175fcefba1210') in 0.016463 seconds
  Import took 0.020156 seconds .

========================================================================
Received Import Request.
  Time since last request: 0.000382 seconds.
  path: Assets/Sprite/BtnOff.png
  artifactKey: Guid(934ad1fbd8aec534d807eb0441846c95) Importer(815301076,1909f56bfc062723c751e8b465ee728b)
Start importing Assets/Sprite/BtnOff.png using Guid(934ad1fbd8aec534d807eb0441846c95) Importer(815301076,1909f56bfc062723c751e8b465ee728b)  -> (artifact id: '305656fa60b5284d4d4175fcefba1210') in 0.017206 seconds
  Import took 0.020529 seconds .

========================================================================
Received Import Request.
  Time since last request: 10.138217 seconds.
  path: Assets/Prefeb/Button.prefab
  artifactKey: Guid(6dcb61ce8fdddba48b9857e86a56ccbf) Importer(815301076,1909f56bfc062723c751e8b465ee728b)
Start importing Assets/Prefeb/Button.prefab using Guid(6dcb61ce8fdddba48b9857e86a56ccbf) Importer(815301076,1909f56bfc062723c751e8b465ee728b)  -> (artifact id: '6a5239cd0ff4c4469da60d4117121ff9') in 0.050381 seconds
  Import took 0.054094 seconds .

========================================================================
Received Import Request.
  Time since last request: 9.293072 seconds.
  path: Assets/Sprite/BtnOff.png
  artifactKey: Guid(934ad1fbd8aec534d807eb0441846c95) Importer(815301076,1909f56bfc062723c751e8b465ee728b)
Start importing Assets/Sprite/BtnOff.png using Guid(934ad1fbd8aec534d807eb0441846c95) Importer(815301076,1909f56bfc062723c751e8b465ee728b)  -> (artifact id: '12d855b364657708dad570c8665446c7') in 0.015972 seconds
  Import took 0.019670 seconds .

========================================================================
Received Import Request.
  Time since last request: 5.283085 seconds.
  path: Assets/Sprite/BtnOn.png
  artifactKey: Guid(fcff4a6b53daa50489bd28247c377ce3) Importer(815301076,1909f56bfc062723c751e8b465ee728b)
Start importing Assets/Sprite/BtnOn.png using Guid(fcff4a6b53daa50489bd28247c377ce3) Importer(815301076,1909f56bfc062723c751e8b465ee728b)  -> (artifact id: '1fa5d274a7b7e3bc326fdc48abfe792d') in 0.016575 seconds
  Import took 0.020440 seconds .

========================================================================
Received Import Request.
  Time since last request: 36.443731 seconds.
  path: Assets/Prefeb/Button.prefab
  artifactKey: Guid(6dcb61ce8fdddba48b9857e86a56ccbf) Importer(815301076,1909f56bfc062723c751e8b465ee728b)
Start importing Assets/Prefeb/Button.prefab using Guid(6dcb61ce8fdddba48b9857e86a56ccbf) Importer(815301076,1909f56bfc062723c751e8b465ee728b)  -> (artifact id: 'fcf32f7d2c8db51c1b69f856f16dce4f') in 0.017593 seconds
  Import took 0.021393 seconds .

========================================================================
Received Import Request.
  Time since last request: 0.004599 seconds.
  path: Assets/Prefeb/Button.prefab
  artifactKey: Guid(6dcb61ce8fdddba48b9857e86a56ccbf) Importer(815301076,1909f56bfc062723c751e8b465ee728b)
Start importing Assets/Prefeb/Button.prefab using Guid(6dcb61ce8fdddba48b9857e86a56ccbf) Importer(815301076,1909f56bfc062723c751e8b465ee728b)  -> (artifact id: 'fcf32f7d2c8db51c1b69f856f16dce4f') in 0.011956 seconds
  Import took 0.015659 seconds .

========================================================================
Received Prepare
Registering precompiled user dll's ...
Registered in 0.007010 seconds.
Begin MonoManager ReloadAssembly
Native extension for WindowsStandalone target not found
Refreshing native plugins compatible for Editor in 0.89 ms, found 2 plugins.
Preloading 0 native plugins for Editor in 0.00 ms.
Mono: successfully reloaded assembly
- Completed reload, in  1.359 seconds
Platform modules already initialized, skipping
Refreshing native plugins compatible for Editor in 0.85 ms, found 2 plugins.
Preloading 0 native plugins for Editor in 0.00 ms.
Unloading 1956 Unused Serialized files (Serialized files now loaded: 0)
System memory in use before: 86.2 MB.
System memory in use after: 86.4 MB.

Unloading 49 unused Assets to reduce memory usage. Loaded Objects now: 2379.
Total: 10.755000 ms (FindLiveObjects: 0.299300 ms CreateObjectMapping: 0.060100 ms MarkObjects: 10.351000 ms  DeleteObjects: 0.042900 ms)

========================================================================
Received Import Request.
  Time since last request: 110.853758 seconds.
  path: Assets/Scenes/TestStage.unity
  artifactKey: Guid(2cda990e2423bbf4892e6590ba056729) Importer(815301076,1909f56bfc062723c751e8b465ee728b)
Start importing Assets/Scenes/TestStage.unity using Guid(2cda990e2423bbf4892e6590ba056729) Importer(815301076,1909f56bfc062723c751e8b465ee728b)  -> (artifact id: '5ae4730fae4835de46cbb17355fc5188') in 0.021163 seconds
  Import took 0.024976 seconds .

========================================================================
Received Import Request.
  Time since last request: 132.311439 seconds.
  path: Assets/Script/ElectricBtn.cs
  artifactKey: Guid(ce05bc507cb7cc64ca289ed1268d0206) Importer(815301076,1909f56bfc062723c751e8b465ee728b)
Start importing Assets/Script/ElectricBtn.cs using Guid(ce05bc507cb7cc64ca289ed1268d0206) Importer(815301076,1909f56bfc062723c751e8b465ee728b)  -> (artifact id: '3a0a0394cd4382b018a82670362f70e3') in 0.010994 seconds
  Import took 0.014655 seconds .

========================================================================
Received Prepare
Registering precompiled user dll's ...
Registered in 0.006975 seconds.
Begin MonoManager ReloadAssembly
Native extension for WindowsStandalone target not found
Refreshing native plugins compatible for Editor in 0.88 ms, found 2 plugins.
Preloading 0 native plugins for Editor in 0.00 ms.
Mono: successfully reloaded assembly
- Completed reload, in  1.317 seconds
Platform modules already initialized, skipping
Refreshing native plugins compatible for Editor in 0.85 ms, found 2 plugins.
Preloading 0 native plugins for Editor in 0.00 ms.
Unloading 1957 Unused Serialized files (Serialized files now loaded: 0)
System memory in use before: 86.3 MB.
System memory in use after: 86.4 MB.

Unloading 49 unused Assets to reduce memory usage. Loaded Objects now: 2383.
Total: 6.790800 ms (FindLiveObjects: 0.249500 ms CreateObjectMapping: 0.057600 ms MarkObjects: 6.444000 ms  DeleteObjects: 0.038300 ms)

========================================================================
Received Prepare
Registering precompiled user dll's ...
Registered in 0.006956 seconds.
Begin MonoManager ReloadAssembly
Native extension for WindowsStandalone target not found
Refreshing native plugins compatible for Editor in 0.86 ms, found 2 plugins.
Preloading 0 native plugins for Editor in 0.00 ms.
Mono: successfully reloaded assembly
- Completed reload, in  1.302 seconds
Platform modules already initialized, skipping
Refreshing native plugins compatible for Editor in 0.99 ms, found 2 plugins.
Preloading 0 native plugins for Editor in 0.00 ms.
Unloading 1957 Unused Serialized files (Serialized files now loaded: 0)
System memory in use before: 86.3 MB.
System memory in use after: 86.5 MB.

Unloading 49 unused Assets to reduce memory usage. Loaded Objects now: 2386.
Total: 6.586700 ms (FindLiveObjects: 0.474000 ms CreateObjectMapping: 0.066100 ms MarkObjects: 6.011400 ms  DeleteObjects: 0.033700 ms)

========================================================================
Received Prepare
Registering precompiled user dll's ...
Registered in 0.006564 seconds.
Begin MonoManager ReloadAssembly
Native extension for WindowsStandalone target not found
Refreshing native plugins compatible for Editor in 0.91 ms, found 2 plugins.
Preloading 0 native plugins for Editor in 0.00 ms.
Mono: successfully reloaded assembly
- Completed reload, in  1.342 seconds
Platform modules already initialized, skipping
Refreshing native plugins compatible for Editor in 0.95 ms, found 2 plugins.
Preloading 0 native plugins for Editor in 0.00 ms.
Unloading 1957 Unused Serialized files (Serialized files now loaded: 0)
System memory in use before: 86.4 MB.
System memory in use after: 86.5 MB.

Unloading 49 unused Assets to reduce memory usage. Loaded Objects now: 2389.
Total: 6.757500 ms (FindLiveObjects: 0.260000 ms CreateObjectMapping: 0.056000 ms MarkObjects: 6.400600 ms  DeleteObjects: 0.039300 ms)

========================================================================
Received Prepare
Registering precompiled user dll's ...
Registered in 0.006784 seconds.
Begin MonoManager ReloadAssembly
Native extension for WindowsStandalone target not found
Refreshing native plugins compatible for Editor in 0.88 ms, found 2 plugins.
Preloading 0 native plugins for Editor in 0.00 ms.
Mono: successfully reloaded assembly
- Completed reload, in  1.347 seconds
Platform modules already initialized, skipping
Refreshing native plugins compatible for Editor in 0.93 ms, found 2 plugins.
Preloading 0 native plugins for Editor in 0.00 ms.
Unloading 1957 Unused Serialized files (Serialized files now loaded: 0)
System memory in use before: 86.4 MB.
System memory in use after: 86.5 MB.

Unloading 49 unused Assets to reduce memory usage. Loaded Objects now: 2392.
Total: 8.365300 ms (FindLiveObjects: 0.319300 ms CreateObjectMapping: 0.059000 ms MarkObjects: 7.935100 ms  DeleteObjects: 0.049100 ms)

========================================================================
Received Prepare
Registering precompiled user dll's ...
Registered in 0.006704 seconds.
Begin MonoManager ReloadAssembly
Native extension for WindowsStandalone target not found
Refreshing native plugins compatible for Editor in 0.95 ms, found 2 plugins.
Preloading 0 native plugins for Editor in 0.00 ms.
Mono: successfully reloaded assembly
- Completed reload, in  1.317 seconds
Platform modules already initialized, skipping
Refreshing native plugins compatible for Editor in 0.85 ms, found 2 plugins.
Preloading 0 native plugins for Editor in 0.00 ms.
Unloading 1957 Unused Serialized files (Serialized files now loaded: 0)
System memory in use before: 86.4 MB.
System memory in use after: 86.5 MB.

Unloading 49 unused Assets to reduce memory usage. Loaded Objects now: 2395.
Total: 6.812000 ms (FindLiveObjects: 0.380800 ms CreateObjectMapping: 0.065500 ms MarkObjects: 6.326200 ms  DeleteObjects: 0.037000 ms)

========================================================================
Received Import Request.
  Time since last request: 262.996967 seconds.
  path: Assets/Prefeb/ElectricBtn.prefab
  artifactKey: Guid(bd32da928bee93b46a9bc8ed75c753ab) Importer(815301076,1909f56bfc062723c751e8b465ee728b)
Start importing Assets/Prefeb/ElectricBtn.prefab using Guid(bd32da928bee93b46a9bc8ed75c753ab) Importer(815301076,1909f56bfc062723c751e8b465ee728b)  -> (artifact id: 'a840b52be8c76ab0f4adeea5ec0522d5') in 0.068350 seconds
  Import took 0.072100 seconds .

========================================================================
Received Import Request.
  Time since last request: 8.817628 seconds.
  path: Assets/Prefeb/Button.prefab
  artifactKey: Guid(6dcb61ce8fdddba48b9857e86a56ccbf) Importer(815301076,1909f56bfc062723c751e8b465ee728b)
Start importing Assets/Prefeb/Button.prefab using Guid(6dcb61ce8fdddba48b9857e86a56ccbf) Importer(815301076,1909f56bfc062723c751e8b465ee728b)  -> (artifact id: '7b6578960b6bb8210cd984434df4b88f') in 0.025616 seconds
  Import took 0.031790 seconds .

========================================================================
Received Import Request.
  Time since last request: 18.489095 seconds.
  path: Assets/Prefeb/ElectricBtn.prefab
  artifactKey: Guid(bd32da928bee93b46a9bc8ed75c753ab) Importer(815301076,1909f56bfc062723c751e8b465ee728b)
Start importing Assets/Prefeb/ElectricBtn.prefab using Guid(bd32da928bee93b46a9bc8ed75c753ab) Importer(815301076,1909f56bfc062723c751e8b465ee728b)  -> (artifact id: 'd95783ee1a2be7b60abf10500c248190') in 0.012246 seconds
  Import took 0.017448 seconds .

========================================================================
Received Import Request.
  Time since last request: 4.874758 seconds.
  path: Assets/Prefeb/Finish.prefab
  artifactKey: Guid(628098dd122af784eb9bf49757b6cf6e) Importer(815301076,1909f56bfc062723c751e8b465ee728b)
Start importing Assets/Prefeb/Finish.prefab using Guid(628098dd122af784eb9bf49757b6cf6e) Importer(815301076,1909f56bfc062723c751e8b465ee728b)  -> (artifact id: '6602e880f556548ec728fda28c853d7c') in 0.017604 seconds
  Import took 0.021334 seconds .

========================================================================
Received Import Request.
  Time since last request: 0.006733 seconds.
  path: Assets/Prefeb/Finish.prefab
  artifactKey: Guid(628098dd122af784eb9bf49757b6cf6e) Importer(815301076,1909f56bfc062723c751e8b465ee728b)
Start importing Assets/Prefeb/Finish.prefab using Guid(628098dd122af784eb9bf49757b6cf6e) Importer(815301076,1909f56bfc062723c751e8b465ee728b)  -> (artifact id: '6602e880f556548ec728fda28c853d7c') in 0.015006 seconds
  Import took 0.018713 seconds .

========================================================================
Received Import Request.
  Time since last request: 4.529209 seconds.
  path: Assets/Prefeb/FireBullet.prefab
  artifactKey: Guid(c2e974d11d744c340a9c476b8b5dd998) Importer(815301076,1909f56bfc062723c751e8b465ee728b)
Start importing Assets/Prefeb/FireBullet.prefab using Guid(c2e974d11d744c340a9c476b8b5dd998) Importer(815301076,1909f56bfc062723c751e8b465ee728b)  -> (artifact id: '95fd00216ac8062f7d42f95e56fd5b0e') in 0.015858 seconds
  Import took 0.020372 seconds .

========================================================================
Received Import Request.
  Time since last request: 0.008626 seconds.
  path: Assets/Prefeb/FireBullet.prefab
  artifactKey: Guid(c2e974d11d744c340a9c476b8b5dd998) Importer(815301076,1909f56bfc062723c751e8b465ee728b)
Start importing Assets/Prefeb/FireBullet.prefab using Guid(c2e974d11d744c340a9c476b8b5dd998) Importer(815301076,1909f56bfc062723c751e8b465ee728b)  -> (artifact id: '95fd00216ac8062f7d42f95e56fd5b0e') in 0.014113 seconds
  Import took 0.017893 seconds .

========================================================================
Received Import Request.
  Time since last request: 41.773796 seconds.
  path: Assets/Prefeb/Flame.prefab
  artifactKey: Guid(8cf7601dcace2db4d80cf067ec7f0448) Importer(815301076,1909f56bfc062723c751e8b465ee728b)
Start importing Assets/Prefeb/Flame.prefab using Guid(8cf7601dcace2db4d80cf067ec7f0448) Importer(815301076,1909f56bfc062723c751e8b465ee728b)  -> (artifact id: 'bbb688e1d1ac205ecd89a9f430479fd1') in 0.015579 seconds
  Import took 0.019443 seconds .

========================================================================
Received Import Request.
  Time since last request: 0.008167 seconds.
  path: Assets/Prefeb/Flame.prefab
  artifactKey: Guid(8cf7601dcace2db4d80cf067ec7f0448) Importer(815301076,1909f56bfc062723c751e8b465ee728b)
Start importing Assets/Prefeb/Flame.prefab using Guid(8cf7601dcace2db4d80cf067ec7f0448) Importer(815301076,1909f56bfc062723c751e8b465ee728b)  -> (artifact id: 'bbb688e1d1ac205ecd89a9f430479fd1') in 0.011209 seconds
  Import took 0.014957 seconds .

========================================================================
Received Import Request.
  Time since last request: 13.936586 seconds.
  path: Assets/Prefeb/Cannon.prefab
  artifactKey: Guid(bc6d4a84ff2044e41a495c440e9d9aa1) Importer(815301076,1909f56bfc062723c751e8b465ee728b)
Start importing Assets/Prefeb/Cannon.prefab using Guid(bc6d4a84ff2044e41a495c440e9d9aa1) Importer(815301076,1909f56bfc062723c751e8b465ee728b)  -> (artifact id: 'e38d74663b52cd87ffb411a7800b772f') in 0.019524 seconds
  Import took 0.023531 seconds .

========================================================================
Received Import Request.
  Time since last request: 0.003626 seconds.
  path: Assets/Prefeb/Cannon.prefab
  artifactKey: Guid(bc6d4a84ff2044e41a495c440e9d9aa1) Importer(815301076,1909f56bfc062723c751e8b465ee728b)
Start importing Assets/Prefeb/Cannon.prefab using Guid(bc6d4a84ff2044e41a495c440e9d9aa1) Importer(815301076,1909f56bfc062723c751e8b465ee728b)  -> (artifact id: 'e38d74663b52cd87ffb411a7800b772f') in 0.011118 seconds
  Import took 0.015052 seconds .

========================================================================
Received Import Request.
  Time since last request: 9.549769 seconds.
  path: Assets/Prefeb/IceGas.prefab
  artifactKey: Guid(da7863e96ba67e9418a076841b700eb3) Importer(815301076,1909f56bfc062723c751e8b465ee728b)
Start importing Assets/Prefeb/IceGas.prefab using Guid(da7863e96ba67e9418a076841b700eb3) Importer(815301076,1909f56bfc062723c751e8b465ee728b)  -> (artifact id: '277bec815b010c3ac1a618b7a6b20b95') in 0.013342 seconds
  Import took 0.017123 seconds .

========================================================================
Received Import Request.
  Time since last request: 0.009074 seconds.
  path: Assets/Prefeb/IceGas.prefab
  artifactKey: Guid(da7863e96ba67e9418a076841b700eb3) Importer(815301076,1909f56bfc062723c751e8b465ee728b)
Start importing Assets/Prefeb/IceGas.prefab using Guid(da7863e96ba67e9418a076841b700eb3) Importer(815301076,1909f56bfc062723c751e8b465ee728b)  -> (artifact id: '277bec815b010c3ac1a618b7a6b20b95') in 0.013266 seconds
  Import took 0.017037 seconds .

========================================================================
Received Import Request.
  Time since last request: 10.625287 seconds.
  path: Assets/Prefeb/Spawn.prefab
  artifactKey: Guid(d5477b5bd8ab6f645be3f703eb203c8e) Importer(815301076,1909f56bfc062723c751e8b465ee728b)
Start importing Assets/Prefeb/Spawn.prefab using Guid(d5477b5bd8ab6f645be3f703eb203c8e) Importer(815301076,1909f56bfc062723c751e8b465ee728b)  -> (artifact id: '4d793655c2cccf42d66d23b678ab723e') in 0.014458 seconds
  Import took 0.018671 seconds .

========================================================================
Received Import Request.
  Time since last request: 0.004476 seconds.
  path: Assets/Prefeb/Spawn.prefab
  artifactKey: Guid(d5477b5bd8ab6f645be3f703eb203c8e) Importer(815301076,1909f56bfc062723c751e8b465ee728b)
Start importing Assets/Prefeb/Spawn.prefab using Guid(d5477b5bd8ab6f645be3f703eb203c8e) Importer(815301076,1909f56bfc062723c751e8b465ee728b)  -> (artifact id: '4d793655c2cccf42d66d23b678ab723e') in 0.013905 seconds
  Import took 0.017673 seconds .

========================================================================
Received Import Request.
  Time since last request: 3.539514 seconds.
  path: Assets/Prefeb/SpikeBase.prefab
  artifactKey: Guid(854ef54dc8a5ee24c9db0a1b31e1c40e) Importer(815301076,1909f56bfc062723c751e8b465ee728b)
Start importing Assets/Prefeb/SpikeBase.prefab using Guid(854ef54dc8a5ee24c9db0a1b31e1c40e) Importer(815301076,1909f56bfc062723c751e8b465ee728b)  -> (artifact id: '18c14cd752cbc97bdd6afbdd459a56d7') in 0.015313 seconds
  Import took 0.019138 seconds .

========================================================================
Received Import Request.
  Time since last request: 0.007843 seconds.
  path: Assets/Prefeb/SpikeBase.prefab
  artifactKey: Guid(854ef54dc8a5ee24c9db0a1b31e1c40e) Importer(815301076,1909f56bfc062723c751e8b465ee728b)
Start importing Assets/Prefeb/SpikeBase.prefab using Guid(854ef54dc8a5ee24c9db0a1b31e1c40e) Importer(815301076,1909f56bfc062723c751e8b465ee728b)  -> (artifact id: '18c14cd752cbc97bdd6afbdd459a56d7') in 0.010322 seconds
  Import took 0.014180 seconds .

========================================================================
Received Import Request.
  Time since last request: 2.186624 seconds.
  path: Assets/Prefeb/Stun.prefab
  artifactKey: Guid(7d4f89fcd2f59634d8f3037c360658f5) Importer(815301076,1909f56bfc062723c751e8b465ee728b)
Start importing Assets/Prefeb/Stun.prefab using Guid(7d4f89fcd2f59634d8f3037c360658f5) Importer(815301076,1909f56bfc062723c751e8b465ee728b)  -> (artifact id: 'ce75a39ce18f7c02597e444142b8fda3') in 0.014215 seconds
  Import took 0.018028 seconds .

========================================================================
Received Import Request.
  Time since last request: 0.007209 seconds.
  path: Assets/Prefeb/Stun.prefab
  artifactKey: Guid(7d4f89fcd2f59634d8f3037c360658f5) Importer(815301076,1909f56bfc062723c751e8b465ee728b)
Start importing Assets/Prefeb/Stun.prefab using Guid(7d4f89fcd2f59634d8f3037c360658f5) Importer(815301076,1909f56bfc062723c751e8b465ee728b)  -> (artifact id: 'ce75a39ce18f7c02597e444142b8fda3') in 0.013417 seconds
  Import took 0.017153 seconds .

========================================================================
Received Import Request.
  Time since last request: 4.909252 seconds.
  path: Assets/Prefeb/TeleportA.prefab
  artifactKey: Guid(7031428aca49c0e4c987293e9cc7d646) Importer(815301076,1909f56bfc062723c751e8b465ee728b)
Start importing Assets/Prefeb/TeleportA.prefab using Guid(7031428aca49c0e4c987293e9cc7d646) Importer(815301076,1909f56bfc062723c751e8b465ee728b)  -> (artifact id: 'cb54c04ffb89623ac6a946208292b6ef') in 0.013610 seconds
  Import took 0.017319 seconds .

========================================================================
Received Import Request.
  Time since last request: 0.011048 seconds.
  path: Assets/Prefeb/TeleportA.prefab
  artifactKey: Guid(7031428aca49c0e4c987293e9cc7d646) Importer(815301076,1909f56bfc062723c751e8b465ee728b)
Start importing Assets/Prefeb/TeleportA.prefab using Guid(7031428aca49c0e4c987293e9cc7d646) Importer(815301076,1909f56bfc062723c751e8b465ee728b)  -> (artifact id: 'cb54c04ffb89623ac6a946208292b6ef') in 0.008443 seconds
  Import took 0.012162 seconds .

========================================================================
Received Import Request.
  Time since last request: 2.707228 seconds.
  path: Assets/Prefeb/TeleportB.prefab
  artifactKey: Guid(75fc428db9924be4a878e88a7b903d6b) Importer(815301076,1909f56bfc062723c751e8b465ee728b)
Start importing Assets/Prefeb/TeleportB.prefab using Guid(75fc428db9924be4a878e88a7b903d6b) Importer(815301076,1909f56bfc062723c751e8b465ee728b)  -> (artifact id: 'd2ad973740682c36e77eaf5424124ec1') in 0.013320 seconds
  Import took 0.017221 seconds .

========================================================================
Received Import Request.
  Time since last request: 0.006027 seconds.
  path: Assets/Prefeb/TeleportB.prefab
  artifactKey: Guid(75fc428db9924be4a878e88a7b903d6b) Importer(815301076,1909f56bfc062723c751e8b465ee728b)
Start importing Assets/Prefeb/TeleportB.prefab using Guid(75fc428db9924be4a878e88a7b903d6b) Importer(815301076,1909f56bfc062723c751e8b465ee728b)  -> (artifact id: 'd2ad973740682c36e77eaf5424124ec1') in 0.008803 seconds
  Import took 0.012543 seconds .

========================================================================
Received Import Request.
  Time since last request: 2.796688 seconds.
  path: Assets/Prefeb/Water.prefab
  artifactKey: Guid(59032121d4ff814449e7a64474c217b0) Importer(815301076,1909f56bfc062723c751e8b465ee728b)
Start importing Assets/Prefeb/Water.prefab using Guid(59032121d4ff814449e7a64474c217b0) Importer(815301076,1909f56bfc062723c751e8b465ee728b)  -> (artifact id: '06ec60a84015e47470075a41d54369d0') in 0.014679 seconds
  Import took 0.018484 seconds .

========================================================================
Received Import Request.
  Time since last request: 0.009816 seconds.
  path: Assets/Prefeb/Water.prefab
  artifactKey: Guid(59032121d4ff814449e7a64474c217b0) Importer(815301076,1909f56bfc062723c751e8b465ee728b)
Start importing Assets/Prefeb/Water.prefab using Guid(59032121d4ff814449e7a64474c217b0) Importer(815301076,1909f56bfc062723c751e8b465ee728b)  -> (artifact id: '06ec60a84015e47470075a41d54369d0') in 0.013498 seconds
  Import took 0.017266 seconds .

========================================================================
Received Import Request.
  Time since last request: 8.023131 seconds.
  path: Assets/Scenes/Stage6.unity
  artifactKey: Guid(ad33620fd0215554298b8f41b97bf285) Importer(815301076,1909f56bfc062723c751e8b465ee728b)
Start importing Assets/Scenes/Stage6.unity using Guid(ad33620fd0215554298b8f41b97bf285) Importer(815301076,1909f56bfc062723c751e8b465ee728b)  -> (artifact id: 'dcd6934f7f55843b5e05157761fd405b') in 0.008078 seconds
  Import took 0.011654 seconds .

========================================================================
Received Prepare
Registering precompiled user dll's ...
Registered in 0.006489 seconds.
Begin MonoManager ReloadAssembly
Native extension for WindowsStandalone target not found
Refreshing native plugins compatible for Editor in 0.92 ms, found 2 plugins.
Preloading 0 native plugins for Editor in 0.00 ms.
Mono: successfully reloaded assembly
- Completed reload, in  1.322 seconds
Platform modules already initialized, skipping
Refreshing native plugins compatible for Editor in 0.86 ms, found 2 plugins.
Preloading 0 native plugins for Editor in 0.00 ms.
Unloading 1957 Unused Serialized files (Serialized files now loaded: 0)
System memory in use before: 86.4 MB.
System memory in use after: 86.5 MB.

Unloading 49 unused Assets to reduce memory usage. Loaded Objects now: 2399.
Total: 6.523900 ms (FindLiveObjects: 0.233500 ms CreateObjectMapping: 0.055100 ms MarkObjects: 6.191400 ms  DeleteObjects: 0.042700 ms)

========================================================================
Received Prepare
Registering precompiled user dll's ...
Registered in 0.007155 seconds.
Begin MonoManager ReloadAssembly
Native extension for WindowsStandalone target not found
Refreshing native plugins compatible for Editor in 0.89 ms, found 2 plugins.
Preloading 0 native plugins for Editor in 0.00 ms.
Mono: successfully reloaded assembly
- Completed reload, in  1.387 seconds
Platform modules already initialized, skipping
Refreshing native plugins compatible for Editor in 0.85 ms, found 2 plugins.
Preloading 0 native plugins for Editor in 0.00 ms.
Unloading 1957 Unused Serialized files (Serialized files now loaded: 0)
System memory in use before: 86.4 MB.
System memory in use after: 86.5 MB.

Unloading 49 unused Assets to reduce memory usage. Loaded Objects now: 2402.
Total: 6.686200 ms (FindLiveObjects: 0.298800 ms CreateObjectMapping: 0.062200 ms MarkObjects: 6.286500 ms  DeleteObjects: 0.036800 ms)

========================================================================
Received Prepare
Registering precompiled user dll's ...
Registered in 0.013382 seconds.
Begin MonoManager ReloadAssembly
Native extension for WindowsStandalone target not found
Refreshing native plugins compatible for Editor in 0.87 ms, found 2 plugins.
Preloading 0 native plugins for Editor in 0.00 ms.
Mono: successfully reloaded assembly
- Completed reload, in  1.314 seconds
Platform modules already initialized, skipping
Refreshing native plugins compatible for Editor in 0.90 ms, found 2 plugins.
Preloading 0 native plugins for Editor in 0.00 ms.
Unloading 1957 Unused Serialized files (Serialized files now loaded: 0)
System memory in use before: 86.4 MB.
System memory in use after: 86.5 MB.

Unloading 49 unused Assets to reduce memory usage. Loaded Objects now: 2405.
Total: 6.673700 ms (FindLiveObjects: 0.241200 ms CreateObjectMapping: 0.057500 ms MarkObjects: 6.333200 ms  DeleteObjects: 0.040200 ms)

========================================================================
Received Import Request.
  Time since last request: 187.079521 seconds.
  path: Assets/Scenes/TestStage.unity
  artifactKey: Guid(2cda990e2423bbf4892e6590ba056729) Importer(815301076,1909f56bfc062723c751e8b465ee728b)
Start importing Assets/Scenes/TestStage.unity using Guid(2cda990e2423bbf4892e6590ba056729) Importer(815301076,1909f56bfc062723c751e8b465ee728b)  -> (artifact id: '2bbf88d3a732d75906281d799b088eac') in 0.014070 seconds
  Import took 0.018063 seconds .

========================================================================
Received Import Request.
  Time since last request: 0.000697 seconds.
  path: Assets/Scenes/TestStage.unity
  artifactKey: Guid(2cda990e2423bbf4892e6590ba056729) Importer(815301076,1909f56bfc062723c751e8b465ee728b)
Start importing Assets/Scenes/TestStage.unity using Guid(2cda990e2423bbf4892e6590ba056729) Importer(815301076,1909f56bfc062723c751e8b465ee728b)  -> (artifact id: '2bbf88d3a732d75906281d799b088eac') in 0.003248 seconds
  Import took 0.006863 seconds .

========================================================================
Received Prepare
Registering precompiled user dll's ...
Registered in 0.009952 seconds.
Begin MonoManager ReloadAssembly
Native extension for WindowsStandalone target not found
Refreshing native plugins compatible for Editor in 0.88 ms, found 2 plugins.
Preloading 0 native plugins for Editor in 0.00 ms.
Mono: successfully reloaded assembly
- Completed reload, in  1.326 seconds
Platform modules already initialized, skipping
Refreshing native plugins compatible for Editor in 0.86 ms, found 2 plugins.
Preloading 0 native plugins for Editor in 0.00 ms.
Unloading 1957 Unused Serialized files (Serialized files now loaded: 0)
System memory in use before: 86.4 MB.
System memory in use after: 86.5 MB.

Unloading 49 unused Assets to reduce memory usage. Loaded Objects now: 2408.
Total: 6.476500 ms (FindLiveObjects: 0.314900 ms CreateObjectMapping: 0.062500 ms MarkObjects: 6.061000 ms  DeleteObjects: 0.035500 ms)

========================================================================
Received Prepare
Registering precompiled user dll's ...
Registered in 0.006664 seconds.
Begin MonoManager ReloadAssembly
Native extension for WindowsStandalone target not found
Refreshing native plugins compatible for Editor in 0.88 ms, found 2 plugins.
Preloading 0 native plugins for Editor in 0.00 ms.
Mono: successfully reloaded assembly
- Completed reload, in  1.402 seconds
Platform modules already initialized, skipping
Refreshing native plugins compatible for Editor in 0.94 ms, found 2 plugins.
Preloading 0 native plugins for Editor in 0.00 ms.
Unloading 1957 Unused Serialized files (Serialized files now loaded: 0)
System memory in use before: 86.4 MB.
System memory in use after: 86.5 MB.

Unloading 49 unused Assets to reduce memory usage. Loaded Objects now: 2411.
Total: 7.265800 ms (FindLiveObjects: 0.252600 ms CreateObjectMapping: 0.056300 ms MarkObjects: 6.915000 ms  DeleteObjects: 0.040300 ms)

AssetImportWorkerClient::OnTransportError - code=2 error=End of file
