Using pre-set license
Built from '2020.3/release' branch; Version is '2020.3.7f1 (dd97f2c94397) revision 14522354'; Using compiler version '192528614'; Build Type 'Release'
OS: 'Windows 10 Home; OS build 19043.1110; Version 2009; 64bit' Language: 'ko' Physical Memory: 16316 MB
BatchMode: 1, IsHumanControllingUs: 0, StartBugReporterOnCrash: 0, Is64bit: 1, IsPro: 0

 COMMAND LINE ARGUMENTS:
C:\Program Files\2020.3.7f1\Editor\Unity.exe
-adb2
-batchMode
-noUpm
-name
AssetImportWorker0
-projectPath
C:/Users/dudgn/Desktop/수업/여름합숙/cubology
-logFile
Logs/AssetImportWorker0.log
-srvPort
60995
Successfully changed project path to: C:/Users/dudgn/Desktop/수업/여름합숙/cubology
C:/Users/dudgn/Desktop/수업/여름합숙/cubology
Using Asset Import Pipeline V2.
Refreshing native plugins compatible for Editor in 75.95 ms, found 2 plugins.
Preloading 0 native plugins for Editor in 0.00 ms.
Initialize engine version: 2020.3.7f1 (dd97f2c94397)
[Subsystems] Discovering subsystems at path C:/Program Files/2020.3.7f1/Editor/Data/Resources/UnitySubsystems
[Subsystems] Discovering subsystems at path C:/Users/dudgn/Desktop/수업/여름합숙/cubology/Assets
GfxDevice: creating device client; threaded=0
Direct3D:
    Version:  Direct3D 11.0 [level 11.1]
    Renderer: NVIDIA GeForce GTX 1070 (ID=0x1b81)
    Vendor:   
    VRAM:     8088 MB
    Driver:   27.21.14.6589
Initialize mono
Mono path[0] = 'C:/Program Files/2020.3.7f1/Editor/Data/Managed'
Mono path[1] = 'C:/Program Files/2020.3.7f1/Editor/Data/MonoBleedingEdge/lib/mono/unityjit'
Mono config path = 'C:/Program Files/2020.3.7f1/Editor/Data/MonoBleedingEdge/etc'
Using monoOptions --debugger-agent=transport=dt_socket,embedding=1,server=y,suspend=n,address=127.0.0.1:56956
Begin MonoManager ReloadAssembly
Registering precompiled unity dll's ...
Register platform support module: C:/Program Files/2020.3.7f1/Editor/Data/PlaybackEngines/WindowsStandaloneSupport/UnityEditor.WindowsStandalone.Extensions.dll
Registered in 0.002592 seconds.
Native extension for WindowsStandalone target not found
Refreshing native plugins compatible for Editor in 63.38 ms, found 2 plugins.
Preloading 0 native plugins for Editor in 0.00 ms.
Mono: successfully reloaded assembly
- Completed reload, in  2.511 seconds
Platform modules already initialized, skipping
Registering precompiled user dll's ...
Registered in 0.007379 seconds.
Begin MonoManager ReloadAssembly
Native extension for WindowsStandalone target not found
Refreshing native plugins compatible for Editor in 0.88 ms, found 2 plugins.
Preloading 0 native plugins for Editor in 0.00 ms.
Mono: successfully reloaded assembly
- Completed reload, in  1.434 seconds
Platform modules already initialized, skipping
========================================================================
Worker process is ready to serve import requests
Launched and connected shader compiler UnityShaderCompiler.exe after 0.05 seconds
Refreshing native plugins compatible for Editor in 0.88 ms, found 2 plugins.
Preloading 0 native plugins for Editor in 0.00 ms.
Unloading 2006 Unused Serialized files (Serialized files now loaded: 0)
System memory in use before: 84.6 MB.
System memory in use after: 84.7 MB.

Unloading 58 unused Assets to reduce memory usage. Loaded Objects now: 2412.
Total: 7.425600 ms (FindLiveObjects: 0.297300 ms CreateObjectMapping: 0.060100 ms MarkObjects: 6.955400 ms  DeleteObjects: 0.110900 ms)

========================================================================
Received Import Request.
  path: Assets/Script3/Sensor.cs
  artifactKey: Guid(f72ddd1d0b7131c4584000ffe6acfa26) Importer(815301076,1909f56bfc062723c751e8b465ee728b)
Start importing Assets/Script3/Sensor.cs using Guid(f72ddd1d0b7131c4584000ffe6acfa26) Importer(815301076,1909f56bfc062723c751e8b465ee728b)  -> (artifact id: '6404c09c38ad5b475e812ccab7d7ecc0') in 0.034016 seconds
  Import took 0.037659 seconds .

AssetImportWorkerClient::OnTransportError - code=2 error=End of file
